0	1	mBPic.exe -MSF -DBG -pP16F684 -Y -DL -O11111114 -fo4 -N"H:\5800\Emergency-Light\PIC16F684\lab3\Lab3.mbppi" -SP"C:\Users\Public\Documents\Mikroelektronika\mikroBasic PRO for PIC\defs\" -SP"C:\Users\Public\Documents\Mikroelektronika\mikroBasic PRO for PIC\Uses\P16\" -SP"H:\5800\Emergency-Light\PIC16F684\lab3\" "__Lib_Math.mcl" "__Lib_MathDouble.mcl" "__Lib_System.mcl" "__Lib_Delays.mcl" "__Lib_CType.mcl" "__Lib_String.mcl" "__Lib_CStdlib.mcl" "__Lib_MemManager.mcl" "__Lib_Conversions.mcl" "__Lib_Time.mcl" "__Lib_Trigon.mcl" "__Lib_Trigonometry.mcl" "__Lib_Button.mcl" "__Lib_Manchester.mcl" "__Lib_OneWire.mcl" "__Lib_PS2.mcl" "__Lib_Sound.mcl" "__Lib_SoftI2C.mcl" "__Lib_SoftSPI.mcl" "__Lib_SoftUART.mcl" "__Lib_ADC_A_B.mcl" "__Lib_EEPROM.mcl" "__Lib_PWM_c5.mcl" "__Lib_LcdConsts.mcl" "__Lib_Lcd.mcl" "Lab3.mbas"	 
diagnostics: 0	155	Available RAM: 112 [bytes], Available ROM: 2048 [bytes]	 
diagnostics: 0	133	Compilation Started	C:\Users\Public\Documents\Mikroelektronika\mikroBasic PRO for PIC\defs\P16F684.mbas
hint: 1	1015	Hint: Compiling unit "C:\Users\Public\Documents\Mikroelektronika\mikroBasic PRO for PIC\defs\P16F684.mbas"	P16F684.mbas
hint: 554	1010	Hint: Unit "P16F684.mbas" has been recompiled	P16F684.mbas
diagnostics: 0	134	Compiled Successfully	C:\Users\Public\Documents\Mikroelektronika\mikroBasic PRO for PIC\defs\P16F684.mbas
diagnostics: 0	133	Compilation Started	C:\Users\Public\Documents\Mikroelektronika\mikroBasic PRO for PIC\Uses\P16\__Lib_Delays.mbas
hint: 1	1015	Hint: Compiling unit "C:\Users\Public\Documents\Mikroelektronika\mikroBasic PRO for PIC\Uses\P16\__Lib_Delays.mbas"	__Lib_Delays.mbas
hint: 152	1010	Hint: Unit "__Lib_Delays.mbas" has been recompiled	__Lib_Delays.mbas
diagnostics: 0	134	Compiled Successfully	C:\Users\Public\Documents\Mikroelektronika\mikroBasic PRO for PIC\Uses\P16\__Lib_Delays.mbas
diagnostics: 0	133	Compilation Started	H:\5800\Emergency-Light\PIC16F684\lab3\Lab3.mbas
hint: 1	1015	Hint: Compiling unit "H:\5800\Emergency-Light\PIC16F684\lab3\Lab3.mbas"	Lab3.mbas
warning: 20	1509	Warning: Implicit typecast performed from "longword" to "real"	Lab3.mbas
warning: 23	1509	Warning: Implicit typecast performed from "float" to "byte"	Lab3.mbas
hint: 26	1010	Hint: Unit "Lab3.mbas" has been recompiled	Lab3.mbas
diagnostics: 0	134	Compiled Successfully	H:\5800\Emergency-Light\PIC16F684\lab3\Lab3.mbas
diagnostics: 0	139	All files Compiled in 31 ms	 
hint: 0	1144	Used RAM (bytes): 15 (13%)  Free RAM (bytes): 97 (87%)	Used RAM (bytes): 15 (13%)  Free RAM (bytes): 97 (87%)
hint: 0	1144	Used ROM (program words): 1055 (52%)  Free ROM (program words): 993 (48%)	Used ROM (program words): 1055 (52%)  Free ROM (program words): 993 (48%)
diagnostics: 0	145	Project Linked Successfully	Lab3.mbppi
diagnostics: 0	140	Linked in 94 ms	 
diagnostics: 0	141	Project 'Lab3.mbppi' completed: 156 ms	 
diagnostics: 0	103	Finished successfully: 02 Mar 2018, 10:56:06	Lab3.mbppi
