;  LST file generated by mikroListExporter - v.2.0 
; Date/Time: 3/2/2018 10:56:06 AM
;----------------------------------------------

;Address Opcode 	ASM
0x0000	0x2BAC      	GOTO       940
_RES032:
;__Lib_MathDouble.mpas,104 :: 		
;__Lib_MathDouble.mpas,109 :: 		
0x0003	0x01F2      	CLRF       R2
;__Lib_MathDouble.mpas,110 :: 		
0x0004	0x01F1      	CLRF       R1
;__Lib_MathDouble.mpas,111 :: 		
0x0005	0x01F0      	CLRF       R0
;__Lib_MathDouble.mpas,112 :: 		
0x0006	0x01F8      	CLRF       R8
;__Lib_MathDouble.mpas,113 :: 		
0x0007	0x01F3      	CLRF       R3
;__Lib_MathDouble.mpas,114 :: 		
0x0008	0x3000      	MOVLW      0
;__Lib_MathDouble.mpas,116 :: 		
L_end_RES032:
0x0009	0x0008      	RETURN
; end of _RES032
_SETFUN32:
;__Lib_MathDouble.mpas,120 :: 		
;__Lib_MathDouble.mpas,127 :: 		
0x000A	0x157B      	BSF        R11, 2
;__Lib_MathDouble.mpas,128 :: 		
0x000B	0x1FFB      	BTFSS      R11, 7
;__Lib_MathDouble.mpas,129 :: 		
0x000C	0x2814      	GOTO       SETFUN32EEE
;__Lib_MathDouble.mpas,130 :: 		
0x000D	0x3001      	MOVLW      1
;__Lib_MathDouble.mpas,131 :: 		
0x000E	0x00F3      	MOVWF      R3
;__Lib_MathDouble.mpas,132 :: 		
0x000F	0x01F2      	CLRF       R2
;__Lib_MathDouble.mpas,133 :: 		
0x0010	0x01F1      	CLRF       R1
;__Lib_MathDouble.mpas,134 :: 		
0x0011	0x01F0      	CLRF       R0
;__Lib_MathDouble.mpas,135 :: 		
0x0012	0x0DFA      	RLF        R10, 1
;__Lib_MathDouble.mpas,136 :: 		
0x0013	0x0CF2      	RRF        R2, 1
;__Lib_MathDouble.mpas,137 :: 		
SETFUN32EEE:
;__Lib_MathDouble.mpas,138 :: 		
0x0014	0x30FF      	MOVLW      255
;__Lib_MathDouble.mpas,140 :: 		
L_end_SETFUN32:
0x0015	0x0008      	RETURN
; end of _SETFUN32
_FIXSIGN32:
;__Lib_MathDouble.mpas,92 :: 		
;__Lib_MathDouble.mpas,96 :: 		
0x0016	0x1FFA      	BTFSS      R10, 7
;__Lib_MathDouble.mpas,97 :: 		
0x0017	0x13F2      	BCF        R2, 7
;__Lib_MathDouble.mpas,98 :: 		
0x0018	0x3000      	MOVLW      0
;__Lib_MathDouble.mpas,100 :: 		
L_end_FIXSIGN32:
0x0019	0x0008      	RETURN
; end of _FIXSIGN32
_SETFOV32:
;__Lib_MathDouble.mpas,57 :: 		
;__Lib_MathDouble.mpas,64 :: 		
0x001A	0x14FB      	BSF        R11, 1
;__Lib_MathDouble.mpas,65 :: 		
0x001B	0x1FFB      	BTFSS      R11, 7
;__Lib_MathDouble.mpas,66 :: 		
0x001C	0x2824      	GOTO       SETFOV32EEE
;__Lib_MathDouble.mpas,67 :: 		
0x001D	0x30FF      	MOVLW      255
;__Lib_MathDouble.mpas,68 :: 		
0x001E	0x00F3      	MOVWF      R3
;__Lib_MathDouble.mpas,69 :: 		
0x001F	0x00F2      	MOVWF      R2
;__Lib_MathDouble.mpas,70 :: 		
0x0020	0x00F1      	MOVWF      R1
;__Lib_MathDouble.mpas,71 :: 		
0x0021	0x00F0      	MOVWF      R0
;__Lib_MathDouble.mpas,72 :: 		
0x0022	0x0DFA      	RLF        R10, 1
;__Lib_MathDouble.mpas,73 :: 		
0x0023	0x0CF2      	RRF        R2, 1
;__Lib_MathDouble.mpas,74 :: 		
SETFOV32EEE:
;__Lib_MathDouble.mpas,75 :: 		
0x0024	0x30FF      	MOVLW      255
;__Lib_MathDouble.mpas,77 :: 		
L_end_SETFOV32:
0x0025	0x0008      	RETURN
; end of _SETFOV32
_NRM3232:
;__Lib_MathDouble.mpas,151 :: 		
;__Lib_MathDouble.mpas,159 :: 		
0x0026	0x01A0      	CLRF       __math_tempbD
;__Lib_MathDouble.mpas,160 :: 		
0x0027	0x0872      	MOVF       R2, 0
;__Lib_MathDouble.mpas,161 :: 		
0x0028	0x1D03      	BTFSS      STATUS, 2
;__Lib_MathDouble.mpas,162 :: 		
0x0029	0x283B      	GOTO       NORM3232
;__Lib_MathDouble.mpas,163 :: 		
0x002A	0x0871      	MOVF       R1, 0
;__Lib_MathDouble.mpas,164 :: 		
0x002B	0x00F2      	MOVWF      R2
;__Lib_MathDouble.mpas,165 :: 		
0x002C	0x0870      	MOVF       R0, 0
;__Lib_MathDouble.mpas,166 :: 		
0x002D	0x00F1      	MOVWF      R1
;__Lib_MathDouble.mpas,167 :: 		
0x002E	0x01F0      	CLRF       R0
;__Lib_MathDouble.mpas,168 :: 		
0x002F	0x15A0      	BSF        __math_tempbD, 3
;__Lib_MathDouble.mpas,170 :: 		
0x0030	0x0872      	MOVF       R2, 0
;__Lib_MathDouble.mpas,171 :: 		
0x0031	0x1D03      	BTFSS      STATUS, 2
;__Lib_MathDouble.mpas,172 :: 		
0x0032	0x283B      	GOTO       NORM3232
;__Lib_MathDouble.mpas,173 :: 		
0x0033	0x0871      	MOVF       R1, 0
;__Lib_MathDouble.mpas,174 :: 		
0x0034	0x00F2      	MOVWF      R2
;__Lib_MathDouble.mpas,175 :: 		
0x0035	0x01F1      	CLRF       R1
;__Lib_MathDouble.mpas,176 :: 		
0x0036	0x11A0      	BCF        __math_tempbD, 3
;__Lib_MathDouble.mpas,177 :: 		
0x0037	0x1620      	BSF        __math_tempbD, 4
;__Lib_MathDouble.mpas,179 :: 		
0x0038	0x0872      	MOVF       R2, 0
;__Lib_MathDouble.mpas,180 :: 		
0x0039	0x1903      	BTFSC      STATUS, 2
;__Lib_MathDouble.mpas,181 :: 		
0x003A	0x2849      	GOTO       JPNRES032
;__Lib_MathDouble.mpas,182 :: 		
NORM3232:
;__Lib_MathDouble.mpas,183 :: 		
0x003B	0x0820      	MOVF       __math_tempbD, 0
;__Lib_MathDouble.mpas,184 :: 		
0x003C	0x02F3      	SUBWF      R3, 1
;__Lib_MathDouble.mpas,185 :: 		
0x003D	0x1D03      	BTFSS      STATUS, 2
;__Lib_MathDouble.mpas,186 :: 		
0x003E	0x1C03      	BTFSS      STATUS, 0
;__Lib_MathDouble.mpas,187 :: 		
0x003F	0x284D      	GOTO       JPNSETFUN32
;__Lib_MathDouble.mpas,188 :: 		
0x0040	0x1003      	BCF        STATUS, 0
;__Lib_MathDouble.mpas,189 :: 		
NORM3232A:
;__Lib_MathDouble.mpas,190 :: 		
0x0041	0x1BF2      	BTFSC      R2, 7
;__Lib_MathDouble.mpas,191 :: 		
0x0042	0x2851      	GOTO       JMPNFIXSIGN32
;__Lib_MathDouble.mpas,192 :: 		
0x0043	0x0DF0      	RLF        R0, 1
;__Lib_MathDouble.mpas,193 :: 		
0x0044	0x0DF1      	RLF        R1, 1
;__Lib_MathDouble.mpas,194 :: 		
0x0045	0x0DF2      	RLF        R2, 1
;__Lib_MathDouble.mpas,195 :: 		
0x0046	0x0BF3      	DECFSZ     R3, 1
;__Lib_MathDouble.mpas,196 :: 		
0x0047	0x2841      	GOTO       NORM3232A
;__Lib_MathDouble.mpas,197 :: 		
0x0048	0x284D      	GOTO       JPNSETFUN32
;__Lib_MathDouble.mpas,198 :: 		
JPNRES032:
;__Lib_MathDouble.mpas,199 :: 		
0x0049	0x3001      	MOVLW      1
;__Lib_MathDouble.mpas,200 :: 		
0x004A	0x00FC      	MOVWF      R12
;__Lib_MathDouble.mpas,202 :: 		
0x004B	0x2003      	CALL       _RES032
;__Lib_MathDouble.mpas,204 :: 		
0x004C	0x2854      	GOTO       NORM32EEE
;__Lib_MathDouble.mpas,205 :: 		
JPNSETFUN32:
;__Lib_MathDouble.mpas,206 :: 		
0x004D	0x3002      	MOVLW      2
;__Lib_MathDouble.mpas,207 :: 		
0x004E	0x00FC      	MOVWF      R12
;__Lib_MathDouble.mpas,209 :: 		
0x004F	0x200A      	CALL       _SETFUN32
;__Lib_MathDouble.mpas,211 :: 		
0x0050	0x2854      	GOTO       NORM32EEE
;__Lib_MathDouble.mpas,212 :: 		
JMPNFIXSIGN32:
;__Lib_MathDouble.mpas,213 :: 		
0x0051	0x3004      	MOVLW      4
;__Lib_MathDouble.mpas,214 :: 		
0x0052	0x00FC      	MOVWF      R12
;__Lib_MathDouble.mpas,216 :: 		
0x0053	0x2016      	CALL       _FIXSIGN32
;__Lib_MathDouble.mpas,218 :: 		
NORM32EEE:
;__Lib_MathDouble.mpas,220 :: 		
L_end_NRM3232:
0x0054	0x0008      	RETURN
; end of _NRM3232
_NRM4032:
;__Lib_MathDouble.mpas,230 :: 		
;__Lib_MathDouble.mpas,239 :: 		
0x0055	0x187C      	BTFSC      R12, 0
;__Lib_MathDouble.mpas,240 :: 		
0x0056	0x288B      	GOTO       NRMRND4032
;__Lib_MathDouble.mpas,241 :: 		
0x0057	0x18FC      	BTFSC      R12, 1
;__Lib_MathDouble.mpas,242 :: 		
0x0058	0x285C      	GOTO       NRM4032
;__Lib_MathDouble.mpas,243 :: 		
0x0059	0x197C      	BTFSC      R12, 2
;__Lib_MathDouble.mpas,244 :: 		
0x005A	0x28AA      	GOTO       JMPSETFOV32
;__Lib_MathDouble.mpas,245 :: 		
0x005B	0x2855      	GOTO       $-6
;__Lib_MathDouble.mpas,246 :: 		
NRM4032:
;__Lib_MathDouble.mpas,247 :: 		
0x005C	0x01A0      	CLRF       __math_tempbD
;__Lib_MathDouble.mpas,248 :: 		
0x005D	0x0872      	MOVF       R2, 0
;__Lib_MathDouble.mpas,249 :: 		
0x005E	0x1D03      	BTFSS      STATUS, 2
;__Lib_MathDouble.mpas,250 :: 		
0x005F	0x287C      	GOTO       NORM4032
;__Lib_MathDouble.mpas,251 :: 		
0x0060	0x0871      	MOVF       R1, 0
;__Lib_MathDouble.mpas,252 :: 		
0x0061	0x00F2      	MOVWF      R2
;__Lib_MathDouble.mpas,253 :: 		
0x0062	0x0870      	MOVF       R0, 0
;__Lib_MathDouble.mpas,254 :: 		
0x0063	0x00F1      	MOVWF      R1
;__Lib_MathDouble.mpas,255 :: 		
0x0064	0x0878      	MOVF       R8, 0
;__Lib_MathDouble.mpas,256 :: 		
0x0065	0x00F0      	MOVWF      R0
;__Lib_MathDouble.mpas,257 :: 		
0x0066	0x01F8      	CLRF       R8
;__Lib_MathDouble.mpas,258 :: 		
0x0067	0x15A0      	BSF        __math_tempbD, 3
;__Lib_MathDouble.mpas,260 :: 		
0x0068	0x0872      	MOVF       R2, 0
;__Lib_MathDouble.mpas,261 :: 		
0x0069	0x1D03      	BTFSS      STATUS, 2
;__Lib_MathDouble.mpas,262 :: 		
0x006A	0x287C      	GOTO       NORM4032
;__Lib_MathDouble.mpas,263 :: 		
0x006B	0x0871      	MOVF       R1, 0
;__Lib_MathDouble.mpas,264 :: 		
0x006C	0x00F2      	MOVWF      R2
;__Lib_MathDouble.mpas,265 :: 		
0x006D	0x0870      	MOVF       R0, 0
;__Lib_MathDouble.mpas,266 :: 		
0x006E	0x00F1      	MOVWF      R1
;__Lib_MathDouble.mpas,267 :: 		
0x006F	0x01F0      	CLRF       R0
;__Lib_MathDouble.mpas,268 :: 		
0x0070	0x11A0      	BCF        __math_tempbD, 3
;__Lib_MathDouble.mpas,269 :: 		
0x0071	0x1620      	BSF        __math_tempbD, 4
;__Lib_MathDouble.mpas,271 :: 		
0x0072	0x0872      	MOVF       R2, 0
;__Lib_MathDouble.mpas,272 :: 		
0x0073	0x1D03      	BTFSS      STATUS, 2
;__Lib_MathDouble.mpas,273 :: 		
0x0074	0x287C      	GOTO       NORM4032
;__Lib_MathDouble.mpas,274 :: 		
0x0075	0x0871      	MOVF       R1, 0
;__Lib_MathDouble.mpas,275 :: 		
0x0076	0x00F2      	MOVWF      R2
;__Lib_MathDouble.mpas,276 :: 		
0x0077	0x01F1      	CLRF       R1
;__Lib_MathDouble.mpas,277 :: 		
0x0078	0x15A0      	BSF        __math_tempbD, 3
;__Lib_MathDouble.mpas,279 :: 		
0x0079	0x0872      	MOVF       R2, 0
;__Lib_MathDouble.mpas,280 :: 		
0x007A	0x1903      	BTFSC      STATUS, 2
;__Lib_MathDouble.mpas,281 :: 		
0x007B	0x289E      	GOTO       JMPRES032
;__Lib_MathDouble.mpas,282 :: 		
NORM4032:
;__Lib_MathDouble.mpas,283 :: 		
0x007C	0x0820      	MOVF       __math_tempbD, 0
;__Lib_MathDouble.mpas,284 :: 		
0x007D	0x02F3      	SUBWF      R3, 1
;__Lib_MathDouble.mpas,285 :: 		
0x007E	0x1D03      	BTFSS      STATUS, 2
;__Lib_MathDouble.mpas,286 :: 		
0x007F	0x1C03      	BTFSS      STATUS, 0
;__Lib_MathDouble.mpas,287 :: 		
0x0080	0x28A2      	GOTO       JMPSETFUN32
;__Lib_MathDouble.mpas,288 :: 		
0x0081	0x1003      	BCF        STATUS, 0
;__Lib_MathDouble.mpas,289 :: 		
NORM4032A:
;__Lib_MathDouble.mpas,290 :: 		
0x0082	0x1BF2      	BTFSC      R2, 7
;__Lib_MathDouble.mpas,291 :: 		
0x0083	0x288B      	GOTO       NRMRND4032
;__Lib_MathDouble.mpas,292 :: 		
0x0084	0x0DF8      	RLF        R8, 1
;__Lib_MathDouble.mpas,293 :: 		
0x0085	0x0DF0      	RLF        R0, 1
;__Lib_MathDouble.mpas,294 :: 		
0x0086	0x0DF1      	RLF        R1, 1
;__Lib_MathDouble.mpas,295 :: 		
0x0087	0x0DF2      	RLF        R2, 1
;__Lib_MathDouble.mpas,296 :: 		
0x0088	0x0BF3      	DECFSZ     R3, 1
;__Lib_MathDouble.mpas,297 :: 		
0x0089	0x2882      	GOTO       NORM4032A
;__Lib_MathDouble.mpas,298 :: 		
0x008A	0x28A2      	GOTO       JMPSETFUN32
;__Lib_MathDouble.mpas,299 :: 		
NRMRND4032:
;__Lib_MathDouble.mpas,300 :: 		
0x008B	0x1B7B      	BTFSC      R11, 6
;__Lib_MathDouble.mpas,301 :: 		
0x008C	0x1C70      	BTFSS      R0, 0
;__Lib_MathDouble.mpas,302 :: 		
0x008D	0x28A6      	GOTO       JMPFIXSIGN32
;__Lib_MathDouble.mpas,303 :: 		
0x008E	0x1FF8      	BTFSS      R8, 7
;__Lib_MathDouble.mpas,304 :: 		
0x008F	0x28A6      	GOTO       JMPFIXSIGN32
;__Lib_MathDouble.mpas,305 :: 		
0x0090	0x0AF0      	INCF       R0, 1
;__Lib_MathDouble.mpas,306 :: 		
0x0091	0x1903      	BTFSC      STATUS, 2
;__Lib_MathDouble.mpas,307 :: 		
0x0092	0x0AF1      	INCF       R1, 1
;__Lib_MathDouble.mpas,308 :: 		
0x0093	0x1903      	BTFSC      STATUS, 2
;__Lib_MathDouble.mpas,309 :: 		
0x0094	0x0AF2      	INCF       R2, 1
;__Lib_MathDouble.mpas,310 :: 		
0x0095	0x1D03      	BTFSS      STATUS, 2
;__Lib_MathDouble.mpas,311 :: 		
0x0096	0x28A6      	GOTO       JMPFIXSIGN32
;__Lib_MathDouble.mpas,312 :: 		
0x0097	0x0CF2      	RRF        R2, 1
;__Lib_MathDouble.mpas,313 :: 		
0x0098	0x0CF1      	RRF        R1, 1
;__Lib_MathDouble.mpas,314 :: 		
0x0099	0x0CF0      	RRF        R0, 1
;__Lib_MathDouble.mpas,315 :: 		
0x009A	0x0AF3      	INCF       R3, 1
;__Lib_MathDouble.mpas,316 :: 		
0x009B	0x1903      	BTFSC      STATUS, 2
;__Lib_MathDouble.mpas,317 :: 		
0x009C	0x28AA      	GOTO       JMPSETFOV32
;__Lib_MathDouble.mpas,318 :: 		
0x009D	0x28A6      	GOTO       JMPFIXSIGN32
;__Lib_MathDouble.mpas,319 :: 		
JMPRES032:
;__Lib_MathDouble.mpas,320 :: 		
0x009E	0x3001      	MOVLW      1
;__Lib_MathDouble.mpas,321 :: 		
0x009F	0x00FC      	MOVWF      R12
;__Lib_MathDouble.mpas,323 :: 		
0x00A0	0x2003      	CALL       _RES032
;__Lib_MathDouble.mpas,325 :: 		
0x00A1	0x28AD      	GOTO       NRM4032EEE
;__Lib_MathDouble.mpas,326 :: 		
JMPSETFUN32:
;__Lib_MathDouble.mpas,327 :: 		
0x00A2	0x3002      	MOVLW      2
;__Lib_MathDouble.mpas,328 :: 		
0x00A3	0x00FC      	MOVWF      R12
;__Lib_MathDouble.mpas,330 :: 		
0x00A4	0x200A      	CALL       _SETFUN32
;__Lib_MathDouble.mpas,332 :: 		
0x00A5	0x28AD      	GOTO       NRM4032EEE
;__Lib_MathDouble.mpas,333 :: 		
JMPFIXSIGN32:
;__Lib_MathDouble.mpas,334 :: 		
0x00A6	0x3004      	MOVLW      4
;__Lib_MathDouble.mpas,335 :: 		
0x00A7	0x00FC      	MOVWF      R12
;__Lib_MathDouble.mpas,337 :: 		
0x00A8	0x2016      	CALL       _FIXSIGN32
;__Lib_MathDouble.mpas,339 :: 		
0x00A9	0x28AD      	GOTO       NRM4032EEE
;__Lib_MathDouble.mpas,340 :: 		
JMPSETFOV32:
;__Lib_MathDouble.mpas,341 :: 		
0x00AA	0x3008      	MOVLW      8
;__Lib_MathDouble.mpas,342 :: 		
0x00AB	0x00FC      	MOVWF      R12
;__Lib_MathDouble.mpas,344 :: 		
0x00AC	0x201A      	CALL       _SETFOV32
;__Lib_MathDouble.mpas,346 :: 		
NRM4032EEE:
;__Lib_MathDouble.mpas,347 :: 		
0x00AD	0x0000      	NOP
;__Lib_MathDouble.mpas,349 :: 		
L_end_NRM4032:
0x00AE	0x0008      	RETURN
; end of _NRM4032
_SETIOV3224:
;__Lib_MathDouble.mpas,967 :: 		
;__Lib_MathDouble.mpas,973 :: 		
0x00AF	0x147B      	BSF        R11, 0
;__Lib_MathDouble.mpas,974 :: 		
0x00B0	0x1FFB      	BTFSS      R11, 7
;__Lib_MathDouble.mpas,975 :: 		
0x00B1	0x28BA      	GOTO       SETIOV3224EEE
;__Lib_MathDouble.mpas,977 :: 		
0x00B2	0x01F2      	CLRF       R2
;__Lib_MathDouble.mpas,978 :: 		
0x00B3	0x1FFA      	BTFSS      R10, 7
;__Lib_MathDouble.mpas,979 :: 		
0x00B4	0x30FF      	MOVLW      255
;__Lib_MathDouble.mpas,980 :: 		
0x00B5	0x00F2      	MOVWF      R2
;__Lib_MathDouble.mpas,981 :: 		
0x00B6	0x00F1      	MOVWF      R1
;__Lib_MathDouble.mpas,982 :: 		
0x00B7	0x00F0      	MOVWF      R0
;__Lib_MathDouble.mpas,983 :: 		
0x00B8	0x0DFA      	RLF        R10, 1
;__Lib_MathDouble.mpas,984 :: 		
0x00B9	0x0CF2      	RRF        R2, 1
;__Lib_MathDouble.mpas,985 :: 		
SETIOV3224EEE:
;__Lib_MathDouble.mpas,986 :: 		
0x00BA	0x30FF      	MOVLW      255
;__Lib_MathDouble.mpas,988 :: 		
L_end_SETIOV3224:
0x00BB	0x0008      	RETURN
; end of _SETIOV3224
_Mul_16x16_U:
;__Lib_Math.mpas,121 :: 		
;__Lib_Math.mpas,127 :: 		
0x00BC	0x1283      	BCF        STATUS, 5
;__Lib_Math.mpas,128 :: 		
0x00BD	0x1303      	BCF        STATUS, 6
;__Lib_Math.mpas,129 :: 		
0x00BE	0x01FB      	CLRF       R11
;__Lib_Math.mpas,130 :: 		
0x00BF	0x01FA      	CLRF       R10
;__Lib_Math.mpas,131 :: 		
0x00C0	0x01F9      	CLRF       R9
;__Lib_Math.mpas,132 :: 		
0x00C1	0x3080      	MOVLW      128
;__Lib_Math.mpas,133 :: 		
0x00C2	0x00F8      	MOVWF      R8
;__Lib_Math.mpas,134 :: 		
0x00C3	0x0CF1      	RRF        R1, 1
;__Lib_Math.mpas,135 :: 		
0x00C4	0x0CF0      	RRF        R0, 1
;__Lib_Math.mpas,136 :: 		
0x00C5	0x1C03      	BTFSS      STATUS, 0
;__Lib_Math.mpas,137 :: 		
0x00C6	0x28D0      	GOTO       $+10
;__Lib_Math.mpas,138 :: 		
0x00C7	0x0874      	MOVF       R4, 0
;__Lib_Math.mpas,139 :: 		
0x00C8	0x07F9      	ADDWF      R9, 1
;__Lib_Math.mpas,140 :: 		
0x00C9	0x0875      	MOVF       R5, 0
;__Lib_Math.mpas,141 :: 		
0x00CA	0x1803      	BTFSC      STATUS, 0
;__Lib_Math.mpas,142 :: 		
0x00CB	0x0F75      	INCFSZ     R5, 0
;__Lib_Math.mpas,143 :: 		
0x00CC	0x07FA      	ADDWF      R10, 1
;__Lib_Math.mpas,144 :: 		
0x00CD	0x1803      	BTFSC      STATUS, 0
;__Lib_Math.mpas,145 :: 		
0x00CE	0x0AFB      	INCF       R11, 1
;__Lib_Math.mpas,146 :: 		
0x00CF	0x1003      	BCF        STATUS, 0
;__Lib_Math.mpas,147 :: 		
0x00D0	0x1FF0      	BTFSS      R0, 7
;__Lib_Math.mpas,148 :: 		
0x00D1	0x28D8      	GOTO       $+7
;__Lib_Math.mpas,149 :: 		
0x00D2	0x0874      	MOVF       R4, 0
;__Lib_Math.mpas,150 :: 		
0x00D3	0x07FA      	ADDWF      R10, 1
;__Lib_Math.mpas,151 :: 		
0x00D4	0x0875      	MOVF       R5, 0
;__Lib_Math.mpas,152 :: 		
0x00D5	0x1803      	BTFSC      STATUS, 0
;__Lib_Math.mpas,153 :: 		
0x00D6	0x0F75      	INCFSZ     R5, 0
;__Lib_Math.mpas,154 :: 		
0x00D7	0x07FB      	ADDWF      R11, 1
;__Lib_Math.mpas,155 :: 		
0x00D8	0x0CFB      	RRF        R11, 1
;__Lib_Math.mpas,156 :: 		
0x00D9	0x0CFA      	RRF        R10, 1
;__Lib_Math.mpas,157 :: 		
0x00DA	0x0CF9      	RRF        R9, 1
;__Lib_Math.mpas,158 :: 		
0x00DB	0x0CF8      	RRF        R8, 1
;__Lib_Math.mpas,159 :: 		
0x00DC	0x1C03      	BTFSS      STATUS, 0
;__Lib_Math.mpas,160 :: 		
0x00DD	0x28C3      	GOTO       $-26
;__Lib_Math.mpas,161 :: 		
0x00DE	0x087B      	MOVF       R11, 0
;__Lib_Math.mpas,162 :: 		
0x00DF	0x00F3      	MOVWF      R3
;__Lib_Math.mpas,163 :: 		
0x00E0	0x087A      	MOVF       R10, 0
;__Lib_Math.mpas,164 :: 		
0x00E1	0x00F2      	MOVWF      R2
;__Lib_Math.mpas,165 :: 		
0x00E2	0x0879      	MOVF       R9, 0
;__Lib_Math.mpas,166 :: 		
0x00E3	0x00F1      	MOVWF      R1
;__Lib_Math.mpas,167 :: 		
0x00E4	0x0878      	MOVF       R8, 0
;__Lib_Math.mpas,168 :: 		
0x00E5	0x00F0      	MOVWF      R0
;__Lib_Math.mpas,170 :: 		
L_end_Mul_16x16_U:
0x00E6	0x0008      	RETURN
; end of _Mul_16x16_U
_Delay_22us:
;__Lib_Delays.mbas,37 :: 		sub procedure Delay_22us()
;__Lib_Delays.mbas,38 :: 		Delay_us(22)
0x00E7	0x3007      	MOVLW      7
0x00E8	0x1283      	BCF        STATUS, 5
0x00E9	0x00FD      	MOVWF      R13
L__Delay_22us5:
0x00EA	0x0BFD      	DECFSZ     R13, 1
0x00EB	0x28EA      	GOTO       L__Delay_22us5
;__Lib_Delays.mbas,39 :: 		end sub
L_end_Delay_22us:
0x00EC	0x0008      	RETURN
; end of _Delay_22us
_Add_32x32_FP:
;__Lib_MathDouble.mpas,359 :: 		
;__Lib_MathDouble.mpas,372 :: 		
0x00ED	0x1283      	BCF        STATUS, 5
;__Lib_MathDouble.mpas,373 :: 		
0x00EE	0x1303      	BCF        STATUS, 6
;__Lib_MathDouble.mpas,374 :: 		
0x00EF	0x0872      	MOVF       R2, 0
;__Lib_MathDouble.mpas,375 :: 		
0x00F0	0x0676      	XORWF      R6, 0
;__Lib_MathDouble.mpas,376 :: 		
0x00F1	0x00A0      	MOVWF      __math_tempbD
;__Lib_MathDouble.mpas,378 :: 		
0x00F2	0x01F8      	CLRF       R8
;__Lib_MathDouble.mpas,379 :: 		
0x00F3	0x01F9      	CLRF       R9
;__Lib_MathDouble.mpas,381 :: 		
0x00F4	0x0873      	MOVF       R3, 0
;__Lib_MathDouble.mpas,382 :: 		
0x00F5	0x0277      	SUBWF      R7, 0
;__Lib_MathDouble.mpas,383 :: 		
0x00F6	0x1C03      	BTFSS      STATUS, 0
;__Lib_MathDouble.mpas,384 :: 		
0x00F7	0x2910      	GOTO       USEA32
;__Lib_MathDouble.mpas,386 :: 		
0x00F8	0x0877      	MOVF       R7, 0
;__Lib_MathDouble.mpas,387 :: 		
0x00F9	0x00FD      	MOVWF      R13
;__Lib_MathDouble.mpas,388 :: 		
0x00FA	0x0873      	MOVF       R3, 0
;__Lib_MathDouble.mpas,389 :: 		
0x00FB	0x00F7      	MOVWF      R7
;__Lib_MathDouble.mpas,390 :: 		
0x00FC	0x087D      	MOVF       R13, 0
;__Lib_MathDouble.mpas,391 :: 		
0x00FD	0x00F3      	MOVWF      R3
;__Lib_MathDouble.mpas,393 :: 		
0x00FE	0x0876      	MOVF       R6, 0
;__Lib_MathDouble.mpas,394 :: 		
0x00FF	0x00FD      	MOVWF      R13
;__Lib_MathDouble.mpas,395 :: 		
0x0100	0x0872      	MOVF       R2, 0
;__Lib_MathDouble.mpas,396 :: 		
0x0101	0x00F6      	MOVWF      R6
;__Lib_MathDouble.mpas,397 :: 		
0x0102	0x087D      	MOVF       R13, 0
;__Lib_MathDouble.mpas,398 :: 		
0x0103	0x00F2      	MOVWF      R2
;__Lib_MathDouble.mpas,400 :: 		
0x0104	0x0875      	MOVF       R5, 0
;__Lib_MathDouble.mpas,401 :: 		
0x0105	0x00FD      	MOVWF      R13
;__Lib_MathDouble.mpas,402 :: 		
0x0106	0x0871      	MOVF       R1, 0
;__Lib_MathDouble.mpas,403 :: 		
0x0107	0x00F5      	MOVWF      R5
;__Lib_MathDouble.mpas,404 :: 		
0x0108	0x087D      	MOVF       R13, 0
;__Lib_MathDouble.mpas,405 :: 		
0x0109	0x00F1      	MOVWF      R1
;__Lib_MathDouble.mpas,407 :: 		
0x010A	0x0874      	MOVF       R4, 0
;__Lib_MathDouble.mpas,408 :: 		
0x010B	0x00FD      	MOVWF      R13
;__Lib_MathDouble.mpas,409 :: 		
0x010C	0x0870      	MOVF       R0, 0
;__Lib_MathDouble.mpas,410 :: 		
0x010D	0x00F4      	MOVWF      R4
;__Lib_MathDouble.mpas,411 :: 		
0x010E	0x087D      	MOVF       R13, 0
;__Lib_MathDouble.mpas,412 :: 		
0x010F	0x00F0      	MOVWF      R0
;__Lib_MathDouble.mpas,413 :: 		
USEA32:
;__Lib_MathDouble.mpas,414 :: 		
0x0110	0x0877      	MOVF       R7, 0
;__Lib_MathDouble.mpas,415 :: 		
0x0111	0x1903      	BTFSC      STATUS, 2
;__Lib_MathDouble.mpas,416 :: 		
0x0112	0x2989      	GOTO       JMPEEE
;__Lib_MathDouble.mpas,417 :: 		
0x0113	0x0872      	MOVF       R2, 0
;__Lib_MathDouble.mpas,418 :: 		
0x0114	0x00FA      	MOVWF      R10
;__Lib_MathDouble.mpas,419 :: 		
0x0115	0x17F2      	BSF        R2, 7
;__Lib_MathDouble.mpas,420 :: 		
0x0116	0x17F6      	BSF        R6, 7
;__Lib_MathDouble.mpas,421 :: 		
0x0117	0x0877      	MOVF       R7, 0
;__Lib_MathDouble.mpas,422 :: 		
0x0118	0x0273      	SUBWF      R3, 0
;__Lib_MathDouble.mpas,423 :: 		
0x0119	0x00F7      	MOVWF      R7
;__Lib_MathDouble.mpas,424 :: 		
0x011A	0x1903      	BTFSC      STATUS, 2
;__Lib_MathDouble.mpas,425 :: 		
0x011B	0x2943      	GOTO       ALIGNED32
;__Lib_MathDouble.mpas,426 :: 		
0x011C	0x3008      	MOVLW      8
;__Lib_MathDouble.mpas,427 :: 		
0x011D	0x0277      	SUBWF      R7, 0
;__Lib_MathDouble.mpas,428 :: 		
0x011E	0x1C03      	BTFSS      STATUS, 0
;__Lib_MathDouble.mpas,429 :: 		
0x011F	0x2939      	GOTO       ALIGNB32
;__Lib_MathDouble.mpas,430 :: 		
0x0120	0x00F7      	MOVWF      R7
;__Lib_MathDouble.mpas,431 :: 		
0x0121	0x0874      	MOVF       R4, 0
;__Lib_MathDouble.mpas,432 :: 		
0x0122	0x00F9      	MOVWF      R9
;__Lib_MathDouble.mpas,433 :: 		
0x0123	0x0875      	MOVF       R5, 0
;__Lib_MathDouble.mpas,434 :: 		
0x0124	0x00F4      	MOVWF      R4
;__Lib_MathDouble.mpas,435 :: 		
0x0125	0x0876      	MOVF       R6, 0
;__Lib_MathDouble.mpas,436 :: 		
0x0126	0x00F5      	MOVWF      R5
;__Lib_MathDouble.mpas,437 :: 		
0x0127	0x01F6      	CLRF       R6
;__Lib_MathDouble.mpas,438 :: 		
0x0128	0x3008      	MOVLW      8
;__Lib_MathDouble.mpas,439 :: 		
0x0129	0x0277      	SUBWF      R7, 0
;__Lib_MathDouble.mpas,440 :: 		
0x012A	0x1C03      	BTFSS      STATUS, 0
;__Lib_MathDouble.mpas,441 :: 		
0x012B	0x2939      	GOTO       ALIGNB32
;__Lib_MathDouble.mpas,442 :: 		
0x012C	0x00F7      	MOVWF      R7
;__Lib_MathDouble.mpas,443 :: 		
0x012D	0x0874      	MOVF       R4, 0
;__Lib_MathDouble.mpas,444 :: 		
0x012E	0x00F9      	MOVWF      R9
;__Lib_MathDouble.mpas,445 :: 		
0x012F	0x0875      	MOVF       R5, 0
;__Lib_MathDouble.mpas,446 :: 		
0x0130	0x00F4      	MOVWF      R4
;__Lib_MathDouble.mpas,447 :: 		
0x0131	0x01F5      	CLRF       R5
;__Lib_MathDouble.mpas,448 :: 		
0x0132	0x3008      	MOVLW      8
;__Lib_MathDouble.mpas,449 :: 		
0x0133	0x0277      	SUBWF      R7, 0
;__Lib_MathDouble.mpas,450 :: 		
0x0134	0x1C03      	BTFSS      STATUS, 0
;__Lib_MathDouble.mpas,451 :: 		
0x0135	0x2939      	GOTO       ALIGNB32
;__Lib_MathDouble.mpas,452 :: 		
0x0136	0x087A      	MOVF       R10, 0
;__Lib_MathDouble.mpas,453 :: 		
0x0137	0x00F2      	MOVWF      R2
;__Lib_MathDouble.mpas,454 :: 		
0x0138	0x2989      	GOTO       JMPEEE
;__Lib_MathDouble.mpas,455 :: 		
ALIGNB32:
;__Lib_MathDouble.mpas,456 :: 		
0x0139	0x0877      	MOVF       R7, 0
;__Lib_MathDouble.mpas,457 :: 		
0x013A	0x1903      	BTFSC      STATUS, 2
;__Lib_MathDouble.mpas,458 :: 		
0x013B	0x2943      	GOTO       ALIGNED32
;__Lib_MathDouble.mpas,459 :: 		
ALOOPB32:
;__Lib_MathDouble.mpas,460 :: 		
0x013C	0x1003      	BCF        STATUS, 0
;__Lib_MathDouble.mpas,461 :: 		
0x013D	0x0CF6      	RRF        R6, 1
;__Lib_MathDouble.mpas,462 :: 		
0x013E	0x0CF5      	RRF        R5, 1
;__Lib_MathDouble.mpas,463 :: 		
0x013F	0x0CF4      	RRF        R4, 1
;__Lib_MathDouble.mpas,464 :: 		
0x0140	0x0CF9      	RRF        R9, 1
;__Lib_MathDouble.mpas,465 :: 		
0x0141	0x0BF7      	DECFSZ     R7, 1
;__Lib_MathDouble.mpas,466 :: 		
0x0142	0x293C      	GOTO       ALOOPB32
;__Lib_MathDouble.mpas,467 :: 		
ALIGNED32:
;__Lib_MathDouble.mpas,468 :: 		
0x0143	0x1FA0      	BTFSS      __math_tempbD, 7
;__Lib_MathDouble.mpas,469 :: 		
0x0144	0x2950      	GOTO       AOK32
;__Lib_MathDouble.mpas,470 :: 		
0x0145	0x09F9      	COMF       R9, 1
;__Lib_MathDouble.mpas,471 :: 		
0x0146	0x09F4      	COMF       R4, 1
;__Lib_MathDouble.mpas,472 :: 		
0x0147	0x09F5      	COMF       R5, 1
;__Lib_MathDouble.mpas,473 :: 		
0x0148	0x09F6      	COMF       R6, 1
;__Lib_MathDouble.mpas,474 :: 		
0x0149	0x0AF9      	INCF       R9, 1
;__Lib_MathDouble.mpas,475 :: 		
0x014A	0x1903      	BTFSC      STATUS, 2
;__Lib_MathDouble.mpas,476 :: 		
0x014B	0x0AF4      	INCF       R4, 1
;__Lib_MathDouble.mpas,477 :: 		
0x014C	0x1903      	BTFSC      STATUS, 2
;__Lib_MathDouble.mpas,478 :: 		
0x014D	0x0AF5      	INCF       R5, 1
;__Lib_MathDouble.mpas,479 :: 		
0x014E	0x1903      	BTFSC      STATUS, 2
;__Lib_MathDouble.mpas,480 :: 		
0x014F	0x0AF6      	INCF       R6, 1
;__Lib_MathDouble.mpas,481 :: 		
AOK32:
;__Lib_MathDouble.mpas,482 :: 		
0x0150	0x0879      	MOVF       R9, 0
;__Lib_MathDouble.mpas,483 :: 		
0x0151	0x07F8      	ADDWF      R8, 1
;__Lib_MathDouble.mpas,484 :: 		
0x0152	0x0874      	MOVF       R4, 0
;__Lib_MathDouble.mpas,485 :: 		
0x0153	0x1803      	BTFSC      STATUS, 0
;__Lib_MathDouble.mpas,486 :: 		
0x0154	0x0F74      	INCFSZ     R4, 0
;__Lib_MathDouble.mpas,487 :: 		
0x0155	0x07F0      	ADDWF      R0, 1
;__Lib_MathDouble.mpas,488 :: 		
0x0156	0x0875      	MOVF       R5, 0
;__Lib_MathDouble.mpas,489 :: 		
0x0157	0x1803      	BTFSC      STATUS, 0
;__Lib_MathDouble.mpas,490 :: 		
0x0158	0x0F75      	INCFSZ     R5, 0
;__Lib_MathDouble.mpas,491 :: 		
0x0159	0x07F1      	ADDWF      R1, 1
;__Lib_MathDouble.mpas,492 :: 		
0x015A	0x0876      	MOVF       R6, 0
;__Lib_MathDouble.mpas,493 :: 		
0x015B	0x1803      	BTFSC      STATUS, 0
;__Lib_MathDouble.mpas,494 :: 		
0x015C	0x0F76      	INCFSZ     R6, 0
;__Lib_MathDouble.mpas,495 :: 		
0x015D	0x07F2      	ADDWF      R2, 1
;__Lib_MathDouble.mpas,496 :: 		
0x015E	0x1BA0      	BTFSC      __math_tempbD, 7
;__Lib_MathDouble.mpas,497 :: 		
0x015F	0x2969      	GOTO       ACOMP32
;__Lib_MathDouble.mpas,498 :: 		
0x0160	0x1C03      	BTFSS      STATUS, 0
;__Lib_MathDouble.mpas,499 :: 		
0x0161	0x2979      	GOTO       JMPNRMRND4032
;__Lib_MathDouble.mpas,500 :: 		
0x0162	0x0CF2      	RRF        R2, 1
;__Lib_MathDouble.mpas,501 :: 		
0x0163	0x0CF1      	RRF        R1, 1
;__Lib_MathDouble.mpas,502 :: 		
0x0164	0x0CF0      	RRF        R0, 1
;__Lib_MathDouble.mpas,503 :: 		
0x0165	0x0CF8      	RRF        R8, 1
;__Lib_MathDouble.mpas,504 :: 		
0x0166	0x0FF3      	INCFSZ     R3, 1
;__Lib_MathDouble.mpas,505 :: 		
0x0167	0x2979      	GOTO       JMPNRMRND4032
;__Lib_MathDouble.mpas,506 :: 		
0x0168	0x2985      	GOTO       ADD_JMPSETFOV32
;__Lib_MathDouble.mpas,507 :: 		
ACOMP32:
;__Lib_MathDouble.mpas,508 :: 		
0x0169	0x1803      	BTFSC      STATUS, 0
;__Lib_MathDouble.mpas,509 :: 		
0x016A	0x297D      	GOTO       JMPNRM4032
;__Lib_MathDouble.mpas,510 :: 		
0x016B	0x09F8      	COMF       R8, 1
;__Lib_MathDouble.mpas,511 :: 		
0x016C	0x09F0      	COMF       R0, 1
;__Lib_MathDouble.mpas,512 :: 		
0x016D	0x09F1      	COMF       R1, 1
;__Lib_MathDouble.mpas,513 :: 		
0x016E	0x09F2      	COMF       R2, 1
;__Lib_MathDouble.mpas,514 :: 		
0x016F	0x0AF8      	INCF       R8, 1
;__Lib_MathDouble.mpas,515 :: 		
0x0170	0x1903      	BTFSC      STATUS, 2
;__Lib_MathDouble.mpas,516 :: 		
0x0171	0x0AF0      	INCF       R0, 1
;__Lib_MathDouble.mpas,517 :: 		
0x0172	0x1903      	BTFSC      STATUS, 2
;__Lib_MathDouble.mpas,518 :: 		
0x0173	0x0AF1      	INCF       R1, 1
;__Lib_MathDouble.mpas,519 :: 		
0x0174	0x1903      	BTFSC      STATUS, 2
;__Lib_MathDouble.mpas,520 :: 		
0x0175	0x0AF2      	INCF       R2, 1
;__Lib_MathDouble.mpas,521 :: 		
0x0176	0x3080      	MOVLW      128
;__Lib_MathDouble.mpas,522 :: 		
0x0177	0x06FA      	XORWF      R10, 1
;__Lib_MathDouble.mpas,523 :: 		
0x0178	0x2981      	GOTO       JMPNRM32
;__Lib_MathDouble.mpas,524 :: 		
JMPNRMRND4032:
;__Lib_MathDouble.mpas,525 :: 		
0x0179	0x3001      	MOVLW      1
;__Lib_MathDouble.mpas,526 :: 		
0x017A	0x00FC      	MOVWF      R12
;__Lib_MathDouble.mpas,528 :: 		
0x017B	0x2055      	CALL       _NRM4032
;__Lib_MathDouble.mpas,530 :: 		
0x017C	0x298B      	GOTO       ADD32EEE
;__Lib_MathDouble.mpas,531 :: 		
JMPNRM4032:
;__Lib_MathDouble.mpas,532 :: 		
0x017D	0x3002      	MOVLW      2
;__Lib_MathDouble.mpas,533 :: 		
0x017E	0x00FC      	MOVWF      R12
;__Lib_MathDouble.mpas,535 :: 		
0x017F	0x2055      	CALL       _NRM4032
;__Lib_MathDouble.mpas,537 :: 		
0x0180	0x298B      	GOTO       ADD32EEE
;__Lib_MathDouble.mpas,538 :: 		
JMPNRM32:
;__Lib_MathDouble.mpas,539 :: 		
0x0181	0x3004      	MOVLW      4
;__Lib_MathDouble.mpas,540 :: 		
0x0182	0x00FC      	MOVWF      R12
;__Lib_MathDouble.mpas,542 :: 		
0x0183	0x2026      	CALL       _NRM3232
;__Lib_MathDouble.mpas,544 :: 		
0x0184	0x298B      	GOTO       ADD32EEE
;__Lib_MathDouble.mpas,545 :: 		
ADD_JMPSETFOV32:
;__Lib_MathDouble.mpas,546 :: 		
0x0185	0x3008      	MOVLW      8
;__Lib_MathDouble.mpas,547 :: 		
0x0186	0x00FC      	MOVWF      R12
;__Lib_MathDouble.mpas,549 :: 		
0x0187	0x201A      	CALL       _SETFOV32
;__Lib_MathDouble.mpas,551 :: 		
0x0188	0x298B      	GOTO       ADD32EEE
;__Lib_MathDouble.mpas,552 :: 		
JMPEEE:
;__Lib_MathDouble.mpas,553 :: 		
0x0189	0x3000      	MOVLW      0
;__Lib_MathDouble.mpas,554 :: 		
0x018A	0x00FC      	MOVWF      R12
;__Lib_MathDouble.mpas,555 :: 		
ADD32EEE:
;__Lib_MathDouble.mpas,556 :: 		
0x018B	0x0000      	NOP
;__Lib_MathDouble.mpas,558 :: 		
L_end_Add_32x32_FP:
0x018C	0x0008      	RETURN
; end of _Add_32x32_FP
_SETFDZ32:
;__Lib_MathDouble.mpas,81 :: 		
;__Lib_MathDouble.mpas,84 :: 		
0x018D	0x15FB      	BSF        R11, 3
;__Lib_MathDouble.mpas,85 :: 		
0x018E	0x30FF      	MOVLW      255
;__Lib_MathDouble.mpas,87 :: 		
L_end_SETFDZ32:
0x018F	0x0008      	RETURN
; end of _SETFDZ32
_PWM1_Set_Duty:
;__Lib_PWM_c5.mpas,21 :: 		
;__Lib_PWM_c5.mpas,22 :: 		
0x0190	0x1683      	BSF        STATUS, 5
0x0191	0x0812      	MOVF       PR2, 0
0x0192	0x3E01      	ADDLW      1
0x0193	0x00F0      	MOVWF      R0
0x0194	0x3000      	MOVLW      0
0x0195	0x1803      	BTFSC      STATUS, 0
0x0196	0x3E01      	ADDLW      1
0x0197	0x00F1      	MOVWF      R0+1
0x0198	0x1283      	BCF        STATUS, 5
0x0199	0x082B      	MOVF       FARG_PWM1_Set_Duty_new_duty, 0
0x019A	0x00F4      	MOVWF      R4
0x019B	0x01F5      	CLRF       R4+1
0x019C	0x20BC      	CALL       _Mul_16x16_U
0x019D	0x3006      	MOVLW      6
0x019E	0x00F2      	MOVWF      R2
0x019F	0x0870      	MOVF       R0, 0
0x01A0	0x00F4      	MOVWF      R4
0x01A1	0x0871      	MOVF       R0+1, 0
0x01A2	0x00F5      	MOVWF      R4+1
0x01A3	0x0872      	MOVF       R2, 0
L__PWM1_Set_Duty6:
0x01A4	0x1903      	BTFSC      STATUS, 2
0x01A5	0x29AB      	GOTO       L__PWM1_Set_Duty7
0x01A6	0x0CF5      	RRF        R4+1, 1
0x01A7	0x0CF4      	RRF        R4, 1
0x01A8	0x13F5      	BCF        R4+1, 7
0x01A9	0x3EFF      	ADDLW      255
0x01AA	0x29A4      	GOTO       L__PWM1_Set_Duty6
L__PWM1_Set_Duty7:
;__Lib_PWM_c5.mpas,23 :: 		
0x01AB	0x3004      	MOVLW      4
0x01AC	0x00F1      	MOVWF      R1
0x01AD	0x0874      	MOVF       R4, 0
0x01AE	0x00F0      	MOVWF      R0
0x01AF	0x0871      	MOVF       R1, 0
L__PWM1_Set_Duty8:
0x01B0	0x1903      	BTFSC      STATUS, 2
0x01B1	0x29B6      	GOTO       L__PWM1_Set_Duty9
0x01B2	0x0DF0      	RLF        R0, 1
0x01B3	0x1070      	BCF        R0, 0
0x01B4	0x3EFF      	ADDLW      255
0x01B5	0x29B0      	GOTO       L__PWM1_Set_Duty8
L__PWM1_Set_Duty9:
0x01B6	0x3030      	MOVLW      48
0x01B7	0x0570      	ANDWF      R0, 0
0x01B8	0x00F3      	MOVWF      R3
;__Lib_PWM_c5.mpas,24 :: 		
0x01B9	0x0874      	MOVF       R4, 0
0x01BA	0x00F0      	MOVWF      R0
0x01BB	0x0875      	MOVF       R4+1, 0
0x01BC	0x00F1      	MOVWF      R0+1
0x01BD	0x0CF1      	RRF        R0+1, 1
0x01BE	0x0CF0      	RRF        R0, 1
0x01BF	0x13F1      	BCF        R0+1, 7
0x01C0	0x0CF1      	RRF        R0+1, 1
0x01C1	0x0CF0      	RRF        R0, 1
0x01C2	0x13F1      	BCF        R0+1, 7
0x01C3	0x0870      	MOVF       R0, 0
0x01C4	0x0093      	MOVWF      CCPR1L
;__Lib_PWM_c5.mpas,25 :: 		
0x01C5	0x300F      	MOVLW      15
0x01C6	0x0595      	ANDWF      CCP1CON, 1
;__Lib_PWM_c5.mpas,26 :: 		
0x01C7	0x0873      	MOVF       R3, 0
0x01C8	0x0495      	IORWF      CCP1CON, 1
;__Lib_PWM_c5.mpas,27 :: 		
L_end_PWM1_Set_Duty:
0x01C9	0x0008      	RETURN
; end of _PWM1_Set_Duty
_Double2Byte:
;__Lib_MathDouble.mpas,1640 :: 		
;__Lib_MathDouble.mpas,1647 :: 		
0x01CA	0x1283      	BCF        STATUS, 5
;__Lib_MathDouble.mpas,1648 :: 		
0x01CB	0x1303      	BCF        STATUS, 6
;__Lib_MathDouble.mpas,1650 :: 		
0x01CC	0x01FB      	CLRF       R11
;__Lib_MathDouble.mpas,1651 :: 		
0x01CD	0x01FC      	CLRF       R12
;__Lib_MathDouble.mpas,1652 :: 		
0x01CE	0x01FA      	CLRF       R10
;__Lib_MathDouble.mpas,1654 :: 		
0x01CF	0x0873      	MOVF       R3, 0
;__Lib_MathDouble.mpas,1655 :: 		
0x01D0	0x1903      	BTFSC      STATUS, 2
;__Lib_MathDouble.mpas,1656 :: 		
0x01D1	0x29F7      	GOTO       IRES008
;__Lib_MathDouble.mpas,1658 :: 		
0x01D2	0x13FA      	BCF        R10, 7
;__Lib_MathDouble.mpas,1659 :: 		
0x01D3	0x17F2      	BSF        R2, 7
;__Lib_MathDouble.mpas,1661 :: 		
0x01D4	0x3086      	MOVLW      134
;__Lib_MathDouble.mpas,1662 :: 		
0x01D5	0x02F3      	SUBWF      R3, 1
;__Lib_MathDouble.mpas,1663 :: 		
0x01D6	0x1BF3      	BTFSC      R3, 7
;__Lib_MathDouble.mpas,1664 :: 		
0x01D7	0x29DB      	GOTO       SETEXP08
;__Lib_MathDouble.mpas,1665 :: 		
0x01D8	0x1903      	BTFSC      STATUS, 2
;__Lib_MathDouble.mpas,1666 :: 		
0x01D9	0x29DB      	GOTO       SETEXP08
;__Lib_MathDouble.mpas,1667 :: 		
0x01DA	0x29F9      	GOTO       SETIOV08
;__Lib_MathDouble.mpas,1668 :: 		
SETEXP08:
;__Lib_MathDouble.mpas,1669 :: 		
0x01DB	0x09F3      	COMF       R3, 1
;__Lib_MathDouble.mpas,1670 :: 		
0x01DC	0x0AF3      	INCF       R3, 1
;__Lib_MathDouble.mpas,1672 :: 		
0x01DD	0x3008      	MOVLW      8
;__Lib_MathDouble.mpas,1673 :: 		
0x01DE	0x0273      	SUBWF      R3, 0
;__Lib_MathDouble.mpas,1674 :: 		
0x01DF	0x1C03      	BTFSS      STATUS, 0
;__Lib_MathDouble.mpas,1675 :: 		
0x01E0	0x29E8      	GOTO       TSHIFT3208
;__Lib_MathDouble.mpas,1676 :: 		
0x01E1	0x00F3      	MOVWF      R3
;__Lib_MathDouble.mpas,1677 :: 		
0x01E2	0x0DF2      	RLF        R2, 1
;__Lib_MathDouble.mpas,1678 :: 		
0x01E3	0x01F2      	CLRF       R2
;__Lib_MathDouble.mpas,1680 :: 		
0x01E4	0x0873      	MOVF       R3, 0
;__Lib_MathDouble.mpas,1681 :: 		
0x01E5	0x1D03      	BTFSS      STATUS, 2
;__Lib_MathDouble.mpas,1682 :: 		
0x01E6	0x1003      	BCF        STATUS, 0
;__Lib_MathDouble.mpas,1683 :: 		
0x01E7	0x29EF      	GOTO       SHIFT3208OK
;__Lib_MathDouble.mpas,1684 :: 		
TSHIFT3208:
;__Lib_MathDouble.mpas,1685 :: 		
0x01E8	0x0873      	MOVF       R3, 0
;__Lib_MathDouble.mpas,1686 :: 		
0x01E9	0x1903      	BTFSC      STATUS, 2
;__Lib_MathDouble.mpas,1687 :: 		
0x01EA	0x29EF      	GOTO       SHIFT3208OK
;__Lib_MathDouble.mpas,1688 :: 		
SHIFT3208:
;__Lib_MathDouble.mpas,1689 :: 		
0x01EB	0x1003      	BCF        STATUS, 0
;__Lib_MathDouble.mpas,1690 :: 		
0x01EC	0x0CF2      	RRF        R2, 1
;__Lib_MathDouble.mpas,1691 :: 		
0x01ED	0x0BF3      	DECFSZ     R3, 1
;__Lib_MathDouble.mpas,1692 :: 		
0x01EE	0x29EB      	GOTO       SHIFT3208
;__Lib_MathDouble.mpas,1693 :: 		
SHIFT3208OK:
;__Lib_MathDouble.mpas,1694 :: 		
0x01EF	0x1B7B      	BTFSC      R11, 6
;__Lib_MathDouble.mpas,1695 :: 		
0x01F0	0x1C72      	BTFSS      R2, 0
;__Lib_MathDouble.mpas,1696 :: 		
0x01F1	0x29F7      	GOTO       INT3208OK
;__Lib_MathDouble.mpas,1697 :: 		
0x01F2	0x1C03      	BTFSS      STATUS, 0
;__Lib_MathDouble.mpas,1698 :: 		
0x01F3	0x29F7      	GOTO       INT3208OK
;__Lib_MathDouble.mpas,1699 :: 		
0x01F4	0x0AF2      	INCF       R2, 1
;__Lib_MathDouble.mpas,1700 :: 		
0x01F5	0x1903      	BTFSC      STATUS, 2
;__Lib_MathDouble.mpas,1701 :: 		
0x01F6	0x29FE      	GOTO       D2B_JPKSETIOV3224
;__Lib_MathDouble.mpas,1702 :: 		
INT3208OK:
;__Lib_MathDouble.mpas,1703 :: 		
IRES008:
;__Lib_MathDouble.mpas,1704 :: 		
0x01F7	0x01F1      	CLRF       R1
;__Lib_MathDouble.mpas,1705 :: 		
0x01F8	0x2A01      	GOTO       INT3208EOK
;__Lib_MathDouble.mpas,1706 :: 		
SETIOV08:
;__Lib_MathDouble.mpas,1707 :: 		
0x01F9	0x147B      	BSF        R11, 0
;__Lib_MathDouble.mpas,1708 :: 		
0x01FA	0x1FFB      	BTFSS      R11, 7
;__Lib_MathDouble.mpas,1709 :: 		
0x01FB	0x2A04      	GOTO       INT3208EER
;__Lib_MathDouble.mpas,1711 :: 		
0x01FC	0x01F1      	CLRF       R1
;__Lib_MathDouble.mpas,1712 :: 		
0x01FD	0x2A04      	GOTO       INT3208EER
;__Lib_MathDouble.mpas,1713 :: 		
D2B_JPKSETIOV3224:
;__Lib_MathDouble.mpas,1714 :: 		
0x01FE	0x3001      	MOVLW      1
;__Lib_MathDouble.mpas,1715 :: 		
0x01FF	0x00FC      	MOVWF      R12
;__Lib_MathDouble.mpas,1716 :: 		
0x0200	0x2A06      	GOTO       INT3208EEE
;__Lib_MathDouble.mpas,1717 :: 		
INT3208EOK:
;__Lib_MathDouble.mpas,1718 :: 		
0x0201	0x3000      	MOVLW      0
;__Lib_MathDouble.mpas,1719 :: 		
0x0202	0x00FC      	MOVWF      R12
;__Lib_MathDouble.mpas,1720 :: 		
0x0203	0x2A06      	GOTO       INT3208EEE
;__Lib_MathDouble.mpas,1721 :: 		
INT3208EER:
;__Lib_MathDouble.mpas,1722 :: 		
0x0204	0x30FF      	MOVLW      255
;__Lib_MathDouble.mpas,1723 :: 		
0x0205	0x00FC      	MOVWF      R12
;__Lib_MathDouble.mpas,1724 :: 		
INT3208EEE:
;__Lib_MathDouble.mpas,1727 :: 		
0x0206	0x08FC      	MOVF       R12, 1
;__Lib_MathDouble.mpas,1729 :: 		
0x0207	0x1903      	BTFSC      STATUS, 2
;__Lib_MathDouble.mpas,1730 :: 		
0x0208	0x2A0A      	GOTO       L_Double2Byte_0
;__Lib_MathDouble.mpas,1732 :: 		
0x0209	0x20AF      	CALL       _SETIOV3224
;__Lib_MathDouble.mpas,1734 :: 		
L_Double2Byte_0:
;__Lib_MathDouble.mpas,1735 :: 		
0x020A	0x0872      	MOVF       R2, 0
;__Lib_MathDouble.mpas,1736 :: 		
0x020B	0x00F0      	MOVWF      R0
;__Lib_MathDouble.mpas,1739 :: 		
L_end_Double2Byte:
0x020C	0x0008      	RETURN
; end of _Double2Byte
_Sub_32x32_FP:
;__Lib_MathDouble.mpas,568 :: 		
;__Lib_MathDouble.mpas,571 :: 		
0x020D	0x1283      	BCF        STATUS, 5
;__Lib_MathDouble.mpas,572 :: 		
0x020E	0x1303      	BCF        STATUS, 6
;__Lib_MathDouble.mpas,573 :: 		
0x020F	0x3080      	MOVLW      128
;__Lib_MathDouble.mpas,574 :: 		
0x0210	0x06F6      	XORWF      R6, 1
;__Lib_MathDouble.mpas,576 :: 		
0x0211	0x20ED      	CALL       _Add_32x32_FP
;__Lib_MathDouble.mpas,577 :: 		
L_end_Sub_32x32_FP:
0x0212	0x0008      	RETURN
; end of _Sub_32x32_FP
_Mul_32x32_FP:
;__Lib_MathDouble.mpas,586 :: 		
;__Lib_MathDouble.mpas,600 :: 		
0x0213	0x1283      	BCF        STATUS, 5
;__Lib_MathDouble.mpas,601 :: 		
0x0214	0x1303      	BCF        STATUS, 6
;__Lib_MathDouble.mpas,603 :: 		
0x0215	0x01FB      	CLRF       R11
;__Lib_MathDouble.mpas,604 :: 		
0x0216	0x0873      	MOVF       R3, 0
;__Lib_MathDouble.mpas,605 :: 		
0x0217	0x1D03      	BTFSS      STATUS, 2
;__Lib_MathDouble.mpas,606 :: 		
0x0218	0x0877      	MOVF       R7, 0
;__Lib_MathDouble.mpas,607 :: 		
0x0219	0x1903      	BTFSC      STATUS, 2
;__Lib_MathDouble.mpas,608 :: 		
0x021A	0x2A6A      	GOTO       JPMRES032
;__Lib_MathDouble.mpas,610 :: 		
0x021B	0x0872      	MOVF       R2, 0
;__Lib_MathDouble.mpas,611 :: 		
0x021C	0x0676      	XORWF      R6, 0
;__Lib_MathDouble.mpas,612 :: 		
0x021D	0x00FA      	MOVWF      R10
;__Lib_MathDouble.mpas,613 :: 		
0x021E	0x0877      	MOVF       R7, 0
;__Lib_MathDouble.mpas,614 :: 		
0x021F	0x07F3      	ADDWF      R3, 1
;__Lib_MathDouble.mpas,615 :: 		
0x0220	0x307E      	MOVLW      126
;__Lib_MathDouble.mpas,616 :: 		
0x0221	0x1C03      	BTFSS      STATUS, 0
;__Lib_MathDouble.mpas,617 :: 		
0x0222	0x2A27      	GOTO       MTUN32
;__Lib_MathDouble.mpas,618 :: 		
0x0223	0x02F3      	SUBWF      R3, 1
;__Lib_MathDouble.mpas,619 :: 		
0x0224	0x1803      	BTFSC      STATUS, 0
;__Lib_MathDouble.mpas,620 :: 		
0x0225	0x2A6D      	GOTO       JPMSETFOV32
;__Lib_MathDouble.mpas,621 :: 		
0x0226	0x2A2A      	GOTO       MOK32
;__Lib_MathDouble.mpas,622 :: 		
MTUN32:
;__Lib_MathDouble.mpas,623 :: 		
0x0227	0x02F3      	SUBWF      R3, 1
;__Lib_MathDouble.mpas,624 :: 		
0x0228	0x1C03      	BTFSS      STATUS, 0
;__Lib_MathDouble.mpas,625 :: 		
0x0229	0x2A70      	GOTO       JPMSETFUN32
;__Lib_MathDouble.mpas,626 :: 		
MOK32:
;__Lib_MathDouble.mpas,627 :: 		
0x022A	0x0872      	MOVF       R2, 0
;__Lib_MathDouble.mpas,628 :: 		
0x022B	0x00F8      	MOVWF      R8
;__Lib_MathDouble.mpas,629 :: 		
0x022C	0x0871      	MOVF       R1, 0
;__Lib_MathDouble.mpas,630 :: 		
0x022D	0x00FC      	MOVWF      R12
;__Lib_MathDouble.mpas,631 :: 		
0x022E	0x0870      	MOVF       R0, 0
;__Lib_MathDouble.mpas,632 :: 		
0x022F	0x00FD      	MOVWF      R13
;__Lib_MathDouble.mpas,633 :: 		
0x0230	0x17F8      	BSF        R8, 7
;__Lib_MathDouble.mpas,634 :: 		
0x0231	0x17F6      	BSF        R6, 7
;__Lib_MathDouble.mpas,635 :: 		
0x0232	0x1003      	BCF        STATUS, 0
;__Lib_MathDouble.mpas,636 :: 		
0x0233	0x01F2      	CLRF       R2
;__Lib_MathDouble.mpas,637 :: 		
0x0234	0x01F1      	CLRF       R1
;__Lib_MathDouble.mpas,638 :: 		
0x0235	0x01F0      	CLRF       R0
;__Lib_MathDouble.mpas,639 :: 		
0x0236	0x3018      	MOVLW      24
;__Lib_MathDouble.mpas,640 :: 		
0x0237	0x00A0      	MOVWF      __math_tempbD
;__Lib_MathDouble.mpas,641 :: 		
MLOOP32:
;__Lib_MathDouble.mpas,642 :: 		
0x0238	0x1C7D      	BTFSS      R13, 0
;__Lib_MathDouble.mpas,643 :: 		
0x0239	0x2A44      	GOTO       MNOADD32
;__Lib_MathDouble.mpas,645 :: 		
0x023A	0x0874      	MOVF       R4, 0
;__Lib_MathDouble.mpas,646 :: 		
0x023B	0x07F0      	ADDWF      R0, 1
;__Lib_MathDouble.mpas,647 :: 		
0x023C	0x0875      	MOVF       R5, 0
;__Lib_MathDouble.mpas,648 :: 		
0x023D	0x1803      	BTFSC      STATUS, 0
;__Lib_MathDouble.mpas,649 :: 		
0x023E	0x0F75      	INCFSZ     R5, 0
;__Lib_MathDouble.mpas,650 :: 		
0x023F	0x07F1      	ADDWF      R1, 1
;__Lib_MathDouble.mpas,651 :: 		
0x0240	0x0876      	MOVF       R6, 0
;__Lib_MathDouble.mpas,652 :: 		
0x0241	0x1803      	BTFSC      STATUS, 0
;__Lib_MathDouble.mpas,653 :: 		
0x0242	0x0F76      	INCFSZ     R6, 0
;__Lib_MathDouble.mpas,654 :: 		
0x0243	0x07F2      	ADDWF      R2, 1
;__Lib_MathDouble.mpas,655 :: 		
MNOADD32:
;__Lib_MathDouble.mpas,656 :: 		
0x0244	0x0CF2      	RRF        R2, 1
;__Lib_MathDouble.mpas,657 :: 		
0x0245	0x0CF1      	RRF        R1, 1
;__Lib_MathDouble.mpas,658 :: 		
0x0246	0x0CF0      	RRF        R0, 1
;__Lib_MathDouble.mpas,659 :: 		
0x0247	0x0CF8      	RRF        R8, 1
;__Lib_MathDouble.mpas,660 :: 		
0x0248	0x0CFC      	RRF        R12, 1
;__Lib_MathDouble.mpas,661 :: 		
0x0249	0x0CFD      	RRF        R13, 1
;__Lib_MathDouble.mpas,662 :: 		
0x024A	0x1003      	BCF        STATUS, 0
;__Lib_MathDouble.mpas,663 :: 		
0x024B	0x0BA0      	DECFSZ     __math_tempbD, 1
;__Lib_MathDouble.mpas,664 :: 		
0x024C	0x2A38      	GOTO       MLOOP32
;__Lib_MathDouble.mpas,665 :: 		
0x024D	0x1BF2      	BTFSC      R2, 7
;__Lib_MathDouble.mpas,666 :: 		
0x024E	0x2A54      	GOTO       MROUND32
;__Lib_MathDouble.mpas,667 :: 		
0x024F	0x0DF8      	RLF        R8, 1
;__Lib_MathDouble.mpas,668 :: 		
0x0250	0x0DF0      	RLF        R0, 1
;__Lib_MathDouble.mpas,669 :: 		
0x0251	0x0DF1      	RLF        R1, 1
;__Lib_MathDouble.mpas,670 :: 		
0x0252	0x0DF2      	RLF        R2, 1
;__Lib_MathDouble.mpas,671 :: 		
0x0253	0x03F3      	DECF       R3, 1
;__Lib_MathDouble.mpas,672 :: 		
MROUND32:
;__Lib_MathDouble.mpas,673 :: 		
0x0254	0x1B7B      	BTFSC      R11, 6
;__Lib_MathDouble.mpas,674 :: 		
0x0255	0x1C70      	BTFSS      R0, 0
;__Lib_MathDouble.mpas,675 :: 		
0x0256	0x2A66      	GOTO       MUL32OK
;__Lib_MathDouble.mpas,676 :: 		
0x0257	0x1FF8      	BTFSS      R8, 7
;__Lib_MathDouble.mpas,677 :: 		
0x0258	0x2A66      	GOTO       MUL32OK
;__Lib_MathDouble.mpas,678 :: 		
0x0259	0x0AF0      	INCF       R0, 1
;__Lib_MathDouble.mpas,679 :: 		
0x025A	0x1903      	BTFSC      STATUS, 2
;__Lib_MathDouble.mpas,680 :: 		
0x025B	0x0AF1      	INCF       R1, 1
;__Lib_MathDouble.mpas,681 :: 		
0x025C	0x1903      	BTFSC      STATUS, 2
;__Lib_MathDouble.mpas,682 :: 		
0x025D	0x0AF2      	INCF       R2, 1
;__Lib_MathDouble.mpas,683 :: 		
0x025E	0x1D03      	BTFSS      STATUS, 2
;__Lib_MathDouble.mpas,684 :: 		
0x025F	0x2A66      	GOTO       MUL32OK
;__Lib_MathDouble.mpas,685 :: 		
0x0260	0x0CF2      	RRF        R2, 1
;__Lib_MathDouble.mpas,686 :: 		
0x0261	0x0CF1      	RRF        R1, 1
;__Lib_MathDouble.mpas,687 :: 		
0x0262	0x0CF0      	RRF        R0, 1
;__Lib_MathDouble.mpas,688 :: 		
0x0263	0x0AF3      	INCF       R3, 1
;__Lib_MathDouble.mpas,689 :: 		
0x0264	0x1903      	BTFSC      STATUS, 2
;__Lib_MathDouble.mpas,690 :: 		
0x0265	0x2A6D      	GOTO       JPMSETFOV32
;__Lib_MathDouble.mpas,691 :: 		
MUL32OK:
;__Lib_MathDouble.mpas,692 :: 		
0x0266	0x1FFA      	BTFSS      R10, 7
;__Lib_MathDouble.mpas,693 :: 		
0x0267	0x13F2      	BCF        R2, 7
;__Lib_MathDouble.mpas,694 :: 		
0x0268	0x3000      	MOVLW      0
;__Lib_MathDouble.mpas,696 :: 		
0x0269	0x2A72      	GOTO       MUL32EEE
;__Lib_MathDouble.mpas,697 :: 		
JPMRES032:
;__Lib_MathDouble.mpas,698 :: 		
0x026A	0x3001      	MOVLW      1
;__Lib_MathDouble.mpas,701 :: 		
0x026B	0x2003      	CALL       _RES032
;__Lib_MathDouble.mpas,703 :: 		
0x026C	0x2A72      	GOTO       MUL32EEE
;__Lib_MathDouble.mpas,704 :: 		
JPMSETFOV32:
;__Lib_MathDouble.mpas,705 :: 		
0x026D	0x3002      	MOVLW      2
;__Lib_MathDouble.mpas,708 :: 		
0x026E	0x201A      	CALL       _SETFOV32
;__Lib_MathDouble.mpas,710 :: 		
0x026F	0x2A72      	GOTO       MUL32EEE
;__Lib_MathDouble.mpas,711 :: 		
JPMSETFUN32:
;__Lib_MathDouble.mpas,712 :: 		
0x0270	0x3004      	MOVLW      4
;__Lib_MathDouble.mpas,715 :: 		
0x0271	0x200A      	CALL       _SETFUN32
;__Lib_MathDouble.mpas,717 :: 		
MUL32EEE:
;__Lib_MathDouble.mpas,718 :: 		
0x0272	0x0000      	NOP
;__Lib_MathDouble.mpas,720 :: 		
L_end_Mul_32x32_FP:
0x0273	0x0008      	RETURN
; end of _Mul_32x32_FP
_Div_32x32_FP:
;__Lib_MathDouble.mpas,733 :: 		
;__Lib_MathDouble.mpas,748 :: 		
0x0274	0x1283      	BCF        STATUS, 5
0x0275	0x0874      	MOVF       R4, 0
0x0276	0x3A00      	XORLW      0
0x0277	0x1D03      	BTFSS      STATUS, 2
0x0278	0x2A8E      	GOTO       L__Div_32x32_FP19
;__Lib_MathDouble.mpas,749 :: 		
0x0279	0x0875      	MOVF       R5, 0
0x027A	0x3A00      	XORLW      0
0x027B	0x1D03      	BTFSS      STATUS, 2
0x027C	0x2A8E      	GOTO       L__Div_32x32_FP22
;__Lib_MathDouble.mpas,750 :: 		
0x027D	0x0876      	MOVF       R6, 0
0x027E	0x3A00      	XORLW      0
0x027F	0x1D03      	BTFSS      STATUS, 2
0x0280	0x2A8E      	GOTO       L__Div_32x32_FP25
;__Lib_MathDouble.mpas,751 :: 		
0x0281	0x0877      	MOVF       R7, 0
0x0282	0x3A00      	XORLW      0
0x0283	0x1D03      	BTFSS      STATUS, 2
0x0284	0x2A8E      	GOTO       L__Div_32x32_FP28
;__Lib_MathDouble.mpas,753 :: 		
0x0285	0x30FF      	MOVLW      255
0x0286	0x00F0      	MOVWF      R0
;__Lib_MathDouble.mpas,754 :: 		
0x0287	0x30FF      	MOVLW      255
0x0288	0x00F1      	MOVWF      R1
;__Lib_MathDouble.mpas,755 :: 		
0x0289	0x307F      	MOVLW      127
0x028A	0x00F2      	MOVWF      R2
;__Lib_MathDouble.mpas,756 :: 		
0x028B	0x30FF      	MOVLW      255
0x028C	0x00F3      	MOVWF      R3
;__Lib_MathDouble.mpas,757 :: 		
0x028D	0x2B29      	GOTO       L_end__Div_32x32_FP
;__Lib_MathDouble.mpas,758 :: 		
L__Div_32x32_FP28:
L__Div_32x32_FP25:
L__Div_32x32_FP22:
L__Div_32x32_FP19:
;__Lib_MathDouble.mpas,761 :: 		
0x028E	0x1283      	BCF        STATUS, 5
;__Lib_MathDouble.mpas,762 :: 		
0x028F	0x1303      	BCF        STATUS, 6
;__Lib_MathDouble.mpas,764 :: 		
0x0290	0x0877      	MOVF       R7, 0
;__Lib_MathDouble.mpas,765 :: 		
0x0291	0x1903      	BTFSC      STATUS, 2
;__Lib_MathDouble.mpas,766 :: 		
0x0292	0x2B1D      	GOTO       JPDSETFDZ32
;__Lib_MathDouble.mpas,768 :: 		
0x0293	0x0873      	MOVF       R3, 0
;__Lib_MathDouble.mpas,769 :: 		
0x0294	0x1903      	BTFSC      STATUS, 2
;__Lib_MathDouble.mpas,770 :: 		
0x0295	0x2B20      	GOTO       JPDRES032
;__Lib_MathDouble.mpas,772 :: 		
0x0296	0x0872      	MOVF       R2, 0
;__Lib_MathDouble.mpas,773 :: 		
0x0297	0x0676      	XORWF      R6, 0
;__Lib_MathDouble.mpas,774 :: 		
0x0298	0x3980      	ANDLW      128
;__Lib_MathDouble.mpas,775 :: 		
0x0299	0x00FA      	MOVWF      R10
;__Lib_MathDouble.mpas,776 :: 		
0x029A	0x17F2      	BSF        R2, 7
;__Lib_MathDouble.mpas,777 :: 		
0x029B	0x17F6      	BSF        R6, 7
;__Lib_MathDouble.mpas,779 :: 		
0x029C	0x01A0      	CLRF       __math_tempbD
;__Lib_MathDouble.mpas,780 :: 		
0x029D	0x0872      	MOVF       R2, 0
;__Lib_MathDouble.mpas,781 :: 		
0x029E	0x00F8      	MOVWF      R8
;__Lib_MathDouble.mpas,782 :: 		
0x029F	0x0871      	MOVF       R1, 0
;__Lib_MathDouble.mpas,783 :: 		
0x02A0	0x00FC      	MOVWF      R12
;__Lib_MathDouble.mpas,784 :: 		
0x02A1	0x0870      	MOVF       R0, 0
;__Lib_MathDouble.mpas,785 :: 		
0x02A2	0x00FD      	MOVWF      R13
;__Lib_MathDouble.mpas,787 :: 		
0x02A3	0x0874      	MOVF       R4, 0
;__Lib_MathDouble.mpas,788 :: 		
0x02A4	0x02FD      	SUBWF      R13, 1
;__Lib_MathDouble.mpas,789 :: 		
0x02A5	0x0875      	MOVF       R5, 0
;__Lib_MathDouble.mpas,790 :: 		
0x02A6	0x1C03      	BTFSS      STATUS, 0
;__Lib_MathDouble.mpas,791 :: 		
0x02A7	0x0F75      	INCFSZ     R5, 0
;__Lib_MathDouble.mpas,793 :: 		
0x02A8	0x02FC      	SUBWF      R12, 1
;__Lib_MathDouble.mpas,794 :: 		
0x02A9	0x0876      	MOVF       R6, 0
;__Lib_MathDouble.mpas,795 :: 		
0x02AA	0x1C03      	BTFSS      STATUS, 0
;__Lib_MathDouble.mpas,796 :: 		
0x02AB	0x0F76      	INCFSZ     R6, 0
;__Lib_MathDouble.mpas,798 :: 		
0x02AC	0x02F8      	SUBWF      R8, 1
;__Lib_MathDouble.mpas,799 :: 		
0x02AD	0x01F8      	CLRF       R8
;__Lib_MathDouble.mpas,800 :: 		
0x02AE	0x01FC      	CLRF       R12
;__Lib_MathDouble.mpas,801 :: 		
0x02AF	0x01FD      	CLRF       R13
;__Lib_MathDouble.mpas,802 :: 		
0x02B0	0x1C03      	BTFSS      STATUS, 0
;__Lib_MathDouble.mpas,803 :: 		
0x02B1	0x2AB9      	GOTO       DALIGN32OK
;__Lib_MathDouble.mpas,805 :: 		
0x02B2	0x1003      	BCF        STATUS, 0
;__Lib_MathDouble.mpas,806 :: 		
0x02B3	0x0CF2      	RRF        R2, 1
;__Lib_MathDouble.mpas,807 :: 		
0x02B4	0x0CF1      	RRF        R1, 1
;__Lib_MathDouble.mpas,808 :: 		
0x02B5	0x0CF0      	RRF        R0, 1
;__Lib_MathDouble.mpas,809 :: 		
0x02B6	0x0CF8      	RRF        R8, 1
;__Lib_MathDouble.mpas,810 :: 		
0x02B7	0x3001      	MOVLW      1
;__Lib_MathDouble.mpas,811 :: 		
0x02B8	0x00A0      	MOVWF      __math_tempbD
;__Lib_MathDouble.mpas,812 :: 		
DALIGN32OK:
;__Lib_MathDouble.mpas,813 :: 		
0x02B9	0x0877      	MOVF       R7, 0
;__Lib_MathDouble.mpas,814 :: 		
0x02BA	0x02F3      	SUBWF      R3, 1
;__Lib_MathDouble.mpas,815 :: 		
0x02BB	0x1C03      	BTFSS      STATUS, 0
;__Lib_MathDouble.mpas,816 :: 		
0x02BC	0x2AC3      	GOTO       ALTB32
;__Lib_MathDouble.mpas,818 :: 		
0x02BD	0x307E      	MOVLW      126
;__Lib_MathDouble.mpas,819 :: 		
0x02BE	0x0720      	ADDWF      __math_tempbD, 0
;__Lib_MathDouble.mpas,820 :: 		
0x02BF	0x07F3      	ADDWF      R3, 1
;__Lib_MathDouble.mpas,821 :: 		
0x02C0	0x1803      	BTFSC      STATUS, 0
;__Lib_MathDouble.mpas,822 :: 		
0x02C1	0x2B23      	GOTO       JPDSETFOV32
;__Lib_MathDouble.mpas,823 :: 		
0x02C2	0x2AC8      	GOTO       DARGOK32
;__Lib_MathDouble.mpas,824 :: 		
ALTB32:
;__Lib_MathDouble.mpas,825 :: 		
0x02C3	0x307E      	MOVLW      126
;__Lib_MathDouble.mpas,826 :: 		
0x02C4	0x0720      	ADDWF      __math_tempbD, 0
;__Lib_MathDouble.mpas,827 :: 		
0x02C5	0x07F3      	ADDWF      R3, 1
;__Lib_MathDouble.mpas,828 :: 		
0x02C6	0x1C03      	BTFSS      STATUS, 0
;__Lib_MathDouble.mpas,829 :: 		
0x02C7	0x2B26      	GOTO       JPDSETFUN32
;__Lib_MathDouble.mpas,830 :: 		
DARGOK32:
;__Lib_MathDouble.mpas,831 :: 		
0x02C8	0x3018      	MOVLW      24
;__Lib_MathDouble.mpas,833 :: 		
0x02C9	0x07FA      	ADDWF      R10, 1
;__Lib_MathDouble.mpas,834 :: 		
DLOOP32:
;__Lib_MathDouble.mpas,835 :: 		
0x02CA	0x0DFD      	RLF        R13, 1
;__Lib_MathDouble.mpas,836 :: 		
0x02CB	0x0DFC      	RLF        R12, 1
;__Lib_MathDouble.mpas,837 :: 		
0x02CC	0x0DF8      	RLF        R8, 1
;__Lib_MathDouble.mpas,838 :: 		
0x02CD	0x0DF0      	RLF        R0, 1
;__Lib_MathDouble.mpas,839 :: 		
0x02CE	0x0DF1      	RLF        R1, 1
;__Lib_MathDouble.mpas,840 :: 		
0x02CF	0x0DF2      	RLF        R2, 1
;__Lib_MathDouble.mpas,841 :: 		
0x02D0	0x0DA0      	RLF        __math_tempbD, 1
;__Lib_MathDouble.mpas,843 :: 		
0x02D1	0x0874      	MOVF       R4, 0
;__Lib_MathDouble.mpas,844 :: 		
0x02D2	0x02F0      	SUBWF      R0, 1
;__Lib_MathDouble.mpas,845 :: 		
0x02D3	0x0875      	MOVF       R5, 0
;__Lib_MathDouble.mpas,846 :: 		
0x02D4	0x1C03      	BTFSS      STATUS, 0
;__Lib_MathDouble.mpas,847 :: 		
0x02D5	0x0F75      	INCFSZ     R5, 0
;__Lib_MathDouble.mpas,849 :: 		
0x02D6	0x02F1      	SUBWF      R1, 1
;__Lib_MathDouble.mpas,850 :: 		
0x02D7	0x0876      	MOVF       R6, 0
;__Lib_MathDouble.mpas,851 :: 		
0x02D8	0x1C03      	BTFSS      STATUS, 0
;__Lib_MathDouble.mpas,852 :: 		
0x02D9	0x0F76      	INCFSZ     R6, 0
;__Lib_MathDouble.mpas,854 :: 		
0x02DA	0x02F2      	SUBWF      R2, 1
;__Lib_MathDouble.mpas,855 :: 		
0x02DB	0x0D76      	RLF        R6, 0
;__Lib_MathDouble.mpas,856 :: 		
0x02DC	0x04A0      	IORWF      __math_tempbD, 1
;__Lib_MathDouble.mpas,857 :: 		
0x02DD	0x1C20      	BTFSS      __math_tempbD, 0
;__Lib_MathDouble.mpas,858 :: 		
0x02DE	0x2AE1      	GOTO       DREST32
;__Lib_MathDouble.mpas,859 :: 		
0x02DF	0x147D      	BSF        R13, 0
;__Lib_MathDouble.mpas,860 :: 		
0x02E0	0x2AEC      	GOTO       DOK32
;__Lib_MathDouble.mpas,861 :: 		
DREST32:
;__Lib_MathDouble.mpas,862 :: 		
0x02E1	0x0874      	MOVF       R4, 0
;__Lib_MathDouble.mpas,863 :: 		
0x02E2	0x07F0      	ADDWF      R0, 1
;__Lib_MathDouble.mpas,864 :: 		
0x02E3	0x0875      	MOVF       R5, 0
;__Lib_MathDouble.mpas,865 :: 		
0x02E4	0x1803      	BTFSC      STATUS, 0
;__Lib_MathDouble.mpas,866 :: 		
0x02E5	0x0F75      	INCFSZ     R5, 0
;__Lib_MathDouble.mpas,868 :: 		
0x02E6	0x07F1      	ADDWF      R1, 1
;__Lib_MathDouble.mpas,869 :: 		
0x02E7	0x0876      	MOVF       R6, 0
;__Lib_MathDouble.mpas,870 :: 		
0x02E8	0x1803      	BTFSC      STATUS, 0
;__Lib_MathDouble.mpas,871 :: 		
0x02E9	0x0A76      	INCF       R6, 0
;__Lib_MathDouble.mpas,872 :: 		
0x02EA	0x07F2      	ADDWF      R2, 1
;__Lib_MathDouble.mpas,873 :: 		
0x02EB	0x107D      	BCF        R13, 0
;__Lib_MathDouble.mpas,874 :: 		
DOK32:
;__Lib_MathDouble.mpas,876 :: 		
0x02EC	0x03FA      	DECF       R10, 1
;__Lib_MathDouble.mpas,877 :: 		
0x02ED	0x301F      	MOVLW      31
;__Lib_MathDouble.mpas,878 :: 		
0x02EE	0x057A      	ANDWF      R10, 0
;__Lib_MathDouble.mpas,879 :: 		
0x02EF	0x1D03      	BTFSS      STATUS, 2
;__Lib_MathDouble.mpas,880 :: 		
0x02F0	0x2ACA      	GOTO       DLOOP32
;__Lib_MathDouble.mpas,882 :: 		
0x02F1	0x1B7B      	BTFSC      R11, 6
;__Lib_MathDouble.mpas,883 :: 		
0x02F2	0x1C7D      	BTFSS      R13, 0
;__Lib_MathDouble.mpas,884 :: 		
0x02F3	0x2B13      	GOTO       DIV32OK
;__Lib_MathDouble.mpas,885 :: 		
0x02F4	0x1003      	BCF        STATUS, 0
;__Lib_MathDouble.mpas,886 :: 		
0x02F5	0x0DF0      	RLF        R0, 1
;__Lib_MathDouble.mpas,887 :: 		
0x02F6	0x0DF1      	RLF        R1, 1
;__Lib_MathDouble.mpas,888 :: 		
0x02F7	0x0DF2      	RLF        R2, 1
;__Lib_MathDouble.mpas,889 :: 		
0x02F8	0x0DA0      	RLF        __math_tempbD, 1
;__Lib_MathDouble.mpas,891 :: 		
0x02F9	0x0874      	MOVF       R4, 0
;__Lib_MathDouble.mpas,892 :: 		
0x02FA	0x02F0      	SUBWF      R0, 1
;__Lib_MathDouble.mpas,893 :: 		
0x02FB	0x0875      	MOVF       R5, 0
;__Lib_MathDouble.mpas,894 :: 		
0x02FC	0x1C03      	BTFSS      STATUS, 0
;__Lib_MathDouble.mpas,895 :: 		
0x02FD	0x0F75      	INCFSZ     R5, 0
;__Lib_MathDouble.mpas,896 :: 		
0x02FE	0x02F1      	SUBWF      R1, 1
;__Lib_MathDouble.mpas,897 :: 		
0x02FF	0x0876      	MOVF       R6, 0
;__Lib_MathDouble.mpas,898 :: 		
0x0300	0x1C03      	BTFSS      STATUS, 0
;__Lib_MathDouble.mpas,899 :: 		
0x0301	0x0F76      	INCFSZ     R6, 0
;__Lib_MathDouble.mpas,900 :: 		
0x0302	0x02F2      	SUBWF      R2, 1
;__Lib_MathDouble.mpas,901 :: 		
0x0303	0x0D76      	RLF        R6, 0
;__Lib_MathDouble.mpas,902 :: 		
0x0304	0x0420      	IORWF      __math_tempbD, 0
;__Lib_MathDouble.mpas,903 :: 		
0x0305	0x3901      	ANDLW      1
;__Lib_MathDouble.mpas,904 :: 		
0x0306	0x07FD      	ADDWF      R13, 1
;__Lib_MathDouble.mpas,905 :: 		
0x0307	0x1803      	BTFSC      STATUS, 0
;__Lib_MathDouble.mpas,906 :: 		
0x0308	0x0AFC      	INCF       R12, 1
;__Lib_MathDouble.mpas,907 :: 		
0x0309	0x1903      	BTFSC      STATUS, 2
;__Lib_MathDouble.mpas,908 :: 		
0x030A	0x0AF8      	INCF       R8, 1
;__Lib_MathDouble.mpas,909 :: 		
0x030B	0x1D03      	BTFSS      STATUS, 2
;__Lib_MathDouble.mpas,910 :: 		
0x030C	0x2B13      	GOTO       DIV32OK
;__Lib_MathDouble.mpas,911 :: 		
0x030D	0x0CF8      	RRF        R8, 1
;__Lib_MathDouble.mpas,912 :: 		
0x030E	0x0CFC      	RRF        R12, 1
;__Lib_MathDouble.mpas,913 :: 		
0x030F	0x0CFD      	RRF        R13, 1
;__Lib_MathDouble.mpas,914 :: 		
0x0310	0x0AF3      	INCF       R3, 1
;__Lib_MathDouble.mpas,915 :: 		
0x0311	0x1903      	BTFSC      STATUS, 2
;__Lib_MathDouble.mpas,916 :: 		
0x0312	0x2B23      	GOTO       JPDSETFOV32
;__Lib_MathDouble.mpas,917 :: 		
DIV32OK:
;__Lib_MathDouble.mpas,918 :: 		
0x0313	0x1FFA      	BTFSS      R10, 7
;__Lib_MathDouble.mpas,919 :: 		
0x0314	0x13F8      	BCF        R8, 7
;__Lib_MathDouble.mpas,920 :: 		
0x0315	0x0878      	MOVF       R8, 0
;__Lib_MathDouble.mpas,921 :: 		
0x0316	0x00F2      	MOVWF      R2
;__Lib_MathDouble.mpas,922 :: 		
0x0317	0x087C      	MOVF       R12, 0
;__Lib_MathDouble.mpas,923 :: 		
0x0318	0x00F1      	MOVWF      R1
;__Lib_MathDouble.mpas,924 :: 		
0x0319	0x087D      	MOVF       R13, 0
;__Lib_MathDouble.mpas,925 :: 		
0x031A	0x00F0      	MOVWF      R0
;__Lib_MathDouble.mpas,927 :: 		
0x031B	0x3000      	MOVLW      0
;__Lib_MathDouble.mpas,929 :: 		
0x031C	0x2B28      	GOTO       DIV32EEE
;__Lib_MathDouble.mpas,930 :: 		
JPDSETFDZ32:
;__Lib_MathDouble.mpas,931 :: 		
0x031D	0x3001      	MOVLW      1
;__Lib_MathDouble.mpas,934 :: 		
0x031E	0x218D      	CALL       _SETFDZ32
;__Lib_MathDouble.mpas,936 :: 		
0x031F	0x2B28      	GOTO       DIV32EEE
;__Lib_MathDouble.mpas,937 :: 		
JPDRES032:
;__Lib_MathDouble.mpas,938 :: 		
0x0320	0x3002      	MOVLW      2
;__Lib_MathDouble.mpas,941 :: 		
0x0321	0x2003      	CALL       _RES032
;__Lib_MathDouble.mpas,943 :: 		
0x0322	0x2B28      	GOTO       DIV32EEE
;__Lib_MathDouble.mpas,944 :: 		
JPDSETFOV32:
;__Lib_MathDouble.mpas,945 :: 		
0x0323	0x3004      	MOVLW      4
;__Lib_MathDouble.mpas,948 :: 		
0x0324	0x201A      	CALL       _SETFOV32
;__Lib_MathDouble.mpas,950 :: 		
0x0325	0x2B28      	GOTO       DIV32EEE
;__Lib_MathDouble.mpas,951 :: 		
JPDSETFUN32:
;__Lib_MathDouble.mpas,952 :: 		
0x0326	0x3008      	MOVLW      8
;__Lib_MathDouble.mpas,955 :: 		
0x0327	0x200A      	CALL       _SETFUN32
;__Lib_MathDouble.mpas,957 :: 		
DIV32EEE:
;__Lib_MathDouble.mpas,958 :: 		
0x0328	0x0000      	NOP
;__Lib_MathDouble.mpas,960 :: 		
L_end__Div_32x32_FP:
L_end_Div_32x32_FP:
0x0329	0x0008      	RETURN
; end of _Div_32x32_FP
_Mul_32x32_U:
;__Lib_Math.mpas,1774 :: 		
;__Lib_Math.mpas,1788 :: 		
0x032A	0x1283      	BCF        STATUS, 5
;__Lib_Math.mpas,1789 :: 		
0x032B	0x1303      	BCF        STATUS, 6
;__Lib_Math.mpas,1790 :: 		
0x032C	0x3022      	MOVLW      34
;__Lib_Math.mpas,1791 :: 		
0x032D	0x00FC      	MOVWF      R12
;__Lib_Math.mpas,1792 :: 		
0x032E	0x01F8      	CLRF       R8
;__Lib_Math.mpas,1793 :: 		
0x032F	0x01F9      	CLRF       R9
;__Lib_Math.mpas,1794 :: 		
0x0330	0x01FA      	CLRF       R10
;__Lib_Math.mpas,1795 :: 		
0x0331	0x01FB      	CLRF       R11
;__Lib_Math.mpas,1797 :: 		
_NEXT:
;__Lib_Math.mpas,1801 :: 		
0x0332	0x03FC      	DECF       R12, 1
;__Lib_Math.mpas,1802 :: 		
0x0333	0x1903      	BTFSC      STATUS, 2
;__Lib_Math.mpas,1803 :: 		
0x0334	0x2B60      	GOTO       _EXIT2
;__Lib_Math.mpas,1804 :: 		
0x0335	0x1003      	BCF        STATUS, 0
;__Lib_Math.mpas,1806 :: 		
_LOOP:
;__Lib_Math.mpas,1815 :: 		
0x0336	0x0CFB      	RRF        R11, 1
;__Lib_Math.mpas,1816 :: 		
0x0337	0x0CFA      	RRF        R10, 1
;__Lib_Math.mpas,1817 :: 		
0x0338	0x0CF9      	RRF        R9, 1
;__Lib_Math.mpas,1818 :: 		
0x0339	0x0CF8      	RRF        R8, 1
;__Lib_Math.mpas,1819 :: 		
0x033A	0x0CF3      	RRF        R3, 1
;__Lib_Math.mpas,1820 :: 		
0x033B	0x0CF2      	RRF        R2, 1
;__Lib_Math.mpas,1821 :: 		
0x033C	0x0CF1      	RRF        R1, 1
;__Lib_Math.mpas,1822 :: 		
0x033D	0x0CF0      	RRF        R0, 1
;__Lib_Math.mpas,1827 :: 		
0x033E	0x1C03      	BTFSS      STATUS, 0
;__Lib_Math.mpas,1828 :: 		
0x033F	0x2B32      	GOTO       _NEXT
;__Lib_Math.mpas,1829 :: 		
0x0340	0x03FC      	DECF       R12, 1
;__Lib_Math.mpas,1830 :: 		
0x0341	0x1903      	BTFSC      STATUS, 2
;__Lib_Math.mpas,1831 :: 		
0x0342	0x2B52      	GOTO       _EXIT1
;__Lib_Math.mpas,1838 :: 		
0x0343	0x0874      	MOVF       R4, 0
;__Lib_Math.mpas,1839 :: 		
0x0344	0x07F8      	ADDWF      R8, 1
;__Lib_Math.mpas,1840 :: 		
0x0345	0x0875      	MOVF       R5, 0
;__Lib_Math.mpas,1841 :: 		
0x0346	0x1803      	BTFSC      STATUS, 0
;__Lib_Math.mpas,1842 :: 		
0x0347	0x0F75      	INCFSZ     R5, 0
;__Lib_Math.mpas,1843 :: 		
0x0348	0x07F9      	ADDWF      R9, 1
;__Lib_Math.mpas,1844 :: 		
0x0349	0x0876      	MOVF       R6, 0
;__Lib_Math.mpas,1845 :: 		
0x034A	0x1803      	BTFSC      STATUS, 0
;__Lib_Math.mpas,1846 :: 		
0x034B	0x0F76      	INCFSZ     R6, 0
;__Lib_Math.mpas,1847 :: 		
0x034C	0x07FA      	ADDWF      R10, 1
;__Lib_Math.mpas,1848 :: 		
0x034D	0x0877      	MOVF       R7, 0
;__Lib_Math.mpas,1849 :: 		
0x034E	0x1803      	BTFSC      STATUS, 0
;__Lib_Math.mpas,1850 :: 		
0x034F	0x0F77      	INCFSZ     R7, 0
;__Lib_Math.mpas,1851 :: 		
0x0350	0x07FB      	ADDWF      R11, 1
;__Lib_Math.mpas,1853 :: 		
0x0351	0x2B36      	GOTO       _LOOP
;__Lib_Math.mpas,1855 :: 		
_EXIT1:
;__Lib_Math.mpas,1860 :: 		
0x0352	0x0874      	MOVF       R4, 0
;__Lib_Math.mpas,1861 :: 		
0x0353	0x07F8      	ADDWF      R8, 1
;__Lib_Math.mpas,1862 :: 		
0x0354	0x0875      	MOVF       R5, 0
;__Lib_Math.mpas,1863 :: 		
0x0355	0x1803      	BTFSC      STATUS, 0
;__Lib_Math.mpas,1864 :: 		
0x0356	0x0F75      	INCFSZ     R5, 0
;__Lib_Math.mpas,1865 :: 		
0x0357	0x07F9      	ADDWF      R9, 1
;__Lib_Math.mpas,1866 :: 		
0x0358	0x0876      	MOVF       R6, 0
;__Lib_Math.mpas,1867 :: 		
0x0359	0x1803      	BTFSC      STATUS, 0
;__Lib_Math.mpas,1868 :: 		
0x035A	0x0F76      	INCFSZ     R6, 0
;__Lib_Math.mpas,1869 :: 		
0x035B	0x07FA      	ADDWF      R10, 1
;__Lib_Math.mpas,1870 :: 		
0x035C	0x0877      	MOVF       R7, 0
;__Lib_Math.mpas,1871 :: 		
0x035D	0x1803      	BTFSC      STATUS, 0
;__Lib_Math.mpas,1872 :: 		
0x035E	0x0F77      	INCFSZ     R7, 0
;__Lib_Math.mpas,1873 :: 		
0x035F	0x07FB      	ADDWF      R11, 1
;__Lib_Math.mpas,1876 :: 		
_EXIT2:
;__Lib_Math.mpas,1878 :: 		
L_end_Mul_32x32_U:
0x0360	0x0008      	RETURN
; end of _Mul_32x32_U
_PWM1_Start:
;__Lib_PWM_c5.mpas,30 :: 		
;__Lib_PWM_c5.mpas,31 :: 		
0x0361	0x1683      	BSF        STATUS, 5
0x0362	0x1287      	BCF        TRISC5_bit, BitPos(TRISC5_bit+0)
;__Lib_PWM_c5.mpas,32 :: 		
0x0363	0x1283      	BCF        STATUS, 5
0x0364	0x1512      	BSF        T2CON, 2
;__Lib_PWM_c5.mpas,33 :: 		
0x0365	0x300C      	MOVLW      12
0x0366	0x0495      	IORWF      CCP1CON, 1
;__Lib_PWM_c5.mpas,34 :: 		
L_end_PWM1_Start:
0x0367	0x0008      	RETURN
; end of _PWM1_Start
_ADC_Read:
;__Lib_ADC_A_B.mpas,59 :: 		
;__Lib_ADC_A_B.mpas,61 :: 		
0x0368	0x30C3      	MOVLW      195
0x0369	0x1283      	BCF        STATUS, 5
0x036A	0x059F      	ANDWF      ADCON0, 1
;__Lib_ADC_A_B.mpas,66 :: 		
0x036B	0x3040      	MOVLW      64
0x036C	0x059F      	ANDWF      ADCON0, 1
;__Lib_ADC_A_B.mpas,67 :: 		
0x036D	0x30F0      	MOVLW      240
0x036E	0x1683      	BSF        STATUS, 5
0x036F	0x049F      	IORWF      ADCON1, 1
;__Lib_ADC_A_B.mpas,68 :: 		
0x0370	0x1283      	BCF        STATUS, 5
0x0371	0x179F      	BSF        ADCON0, 7
;__Lib_ADC_A_B.mpas,69 :: 		
0x0372	0x082B      	MOVF       FARG_ADC_Read_channel, 0
0x0373	0x00F0      	MOVWF      R0
0x0374	0x0DF0      	RLF        R0, 1
0x0375	0x1070      	BCF        R0, 0
0x0376	0x0DF0      	RLF        R0, 1
0x0377	0x1070      	BCF        R0, 0
0x0378	0x0870      	MOVF       R0, 0
0x0379	0x049F      	IORWF      ADCON0, 1
;__Lib_ADC_A_B.mpas,72 :: 		
0x037A	0x141F      	BSF        ADCON0, 0
;__Lib_ADC_A_B.mpas,75 :: 		
0x037B	0x20E7      	CALL       _Delay_22us
;__Lib_ADC_A_B.mpas,78 :: 		
0x037C	0x149F      	BSF        ADCON0, 1
;__Lib_ADC_A_B.mpas,81 :: 		
L__ADC_Read9:
0x037D	0x1C9F      	BTFSS      ADCON0, 1
0x037E	0x2B81      	GOTO       L__ADC_Read10
0x037F	0x0000      	NOP
0x0380	0x2B7D      	GOTO       L__ADC_Read9
L__ADC_Read10:
;__Lib_ADC_A_B.mpas,84 :: 		
0x0381	0x101F      	BCF        ADCON0, 0
;__Lib_ADC_A_B.mpas,87 :: 		
0x0382	0x081E      	MOVF       ADRESH, 0
0x0383	0x00F1      	MOVWF      R0+1
0x0384	0x01F0      	CLRF       R0
0x0385	0x1683      	BSF        STATUS, 5
0x0386	0x081E      	MOVF       ADRESL, 0
0x0387	0x0470      	IORWF      R0, 0
0x0388	0x1283      	BCF        STATUS, 5
0x0389	0x00AC      	MOVWF      ADC_Read_local_result
0x038A	0x0871      	MOVF       R0+1, 0
0x038B	0x00AD      	MOVWF      ADC_Read_local_result+1
0x038C	0x3000      	MOVLW      0
0x038D	0x04AD      	IORWF      ADC_Read_local_result+1, 1
;__Lib_ADC_A_B.mpas,89 :: 		
0x038E	0x082C      	MOVF       ADC_Read_local_result, 0
0x038F	0x00F0      	MOVWF      R0
0x0390	0x082D      	MOVF       ADC_Read_local_result+1, 0
0x0391	0x00F1      	MOVWF      R0+1
L_end_ADC_Read:
0x0392	0x0008      	RETURN
; end of _ADC_Read
_Longword2Double:
;__Lib_MathDouble.mpas,1932 :: 		
;__Lib_MathDouble.mpas,1937 :: 		
0x0393	0x1283      	BCF        STATUS, 5
;__Lib_MathDouble.mpas,1938 :: 		
0x0394	0x1303      	BCF        STATUS, 6
;__Lib_MathDouble.mpas,1940 :: 		
0x0395	0x0870      	MOVF       R0, 0
;__Lib_MathDouble.mpas,1941 :: 		
0x0396	0x00F8      	MOVWF      R8
;__Lib_MathDouble.mpas,1942 :: 		
0x0397	0x0871      	MOVF       R1, 0
;__Lib_MathDouble.mpas,1943 :: 		
0x0398	0x00F0      	MOVWF      R0
;__Lib_MathDouble.mpas,1944 :: 		
0x0399	0x0872      	MOVF       R2, 0
;__Lib_MathDouble.mpas,1945 :: 		
0x039A	0x00F1      	MOVWF      R1
;__Lib_MathDouble.mpas,1946 :: 		
0x039B	0x0873      	MOVF       R3, 0
;__Lib_MathDouble.mpas,1947 :: 		
0x039C	0x00F2      	MOVWF      R2
;__Lib_MathDouble.mpas,1948 :: 		
0x039D	0x01F3      	CLRF       R3
;__Lib_MathDouble.mpas,1951 :: 		
0x039E	0x01FB      	CLRF       R11
;__Lib_MathDouble.mpas,1952 :: 		
0x039F	0x01FC      	CLRF       R12
;__Lib_MathDouble.mpas,1954 :: 		
0x03A0	0x309E      	MOVLW      158
;__Lib_MathDouble.mpas,1955 :: 		
0x03A1	0x00F3      	MOVWF      R3
;__Lib_MathDouble.mpas,1956 :: 		
0x03A2	0x01FA      	CLRF       R10
;__Lib_MathDouble.mpas,1957 :: 		
0x03A3	0x3002      	MOVLW      2
;__Lib_MathDouble.mpas,1958 :: 		
0x03A4	0x00FC      	MOVWF      R12
;__Lib_MathDouble.mpas,1960 :: 		
0x03A5	0x2055      	CALL       _NRM4032
;__Lib_MathDouble.mpas,1961 :: 		
L_end_Longword2Double:
0x03A6	0x0008      	RETURN
; end of _Longword2Double
_PWM1_Init:
;__Lib_PWM_c5.mpas,11 :: 		
;__Lib_PWM_c5.mpas,13 :: 		
0x03A7	0x1283      	BCF        STATUS, 5
0x03A8	0x0193      	CLRF       CCPR1L
;__Lib_PWM_c5.mpas,14 :: 		
0x03A9	0x1215      	BCF        CCP1CON, 4
;__Lib_PWM_c5.mpas,15 :: 		
0x03AA	0x1295      	BCF        CCP1CON, 5
;__Lib_PWM_c5.mpas,16 :: 		
L_end_PWM1_Init:
0x03AB	0x0008      	RETURN
; end of _PWM1_Init
_main:
;Lab3.mbas,7 :: 		main:
;Lab3.mbas,8 :: 		TRISA = $01
0x03AC	0x3001      	MOVLW      1
0x03AD	0x1683      	BSF        STATUS, 5
0x03AE	0x0085      	MOVWF      TRISA
;Lab3.mbas,9 :: 		cmcon0=0            'comparators off
0x03AF	0x1283      	BCF        STATUS, 5
0x03B0	0x0199      	CLRF       CMCON0
;Lab3.mbas,10 :: 		ANSEL=$01
0x03B1	0x3001      	MOVLW      1
0x03B2	0x1683      	BSF        STATUS, 5
0x03B3	0x0091      	MOVWF      ANSEL
;Lab3.mbas,11 :: 		ADCON0=$80          'right justified
0x03B4	0x3080      	MOVLW      128
0x03B5	0x1283      	BCF        STATUS, 5
0x03B6	0x009F      	MOVWF      ADCON0
;Lab3.mbas,12 :: 		ADCON1=$70          'set clock frequency
0x03B7	0x3070      	MOVLW      112
0x03B8	0x1683      	BSF        STATUS, 5
0x03B9	0x009F      	MOVWF      ADCON1
;Lab3.mbas,13 :: 		TRISC = 0
0x03BA	0x0187      	CLRF       TRISC
;Lab3.mbas,14 :: 		PORTC=$FF           'initial value
0x03BB	0x30FF      	MOVLW      255
0x03BC	0x1283      	BCF        STATUS, 5
0x03BD	0x0087      	MOVWF      PORTC
;Lab3.mbas,15 :: 		PWM1_Init(1000)     'init PWM freq = 1kHz.
0x03BE	0x1012      	BCF        T2CON, 0
0x03BF	0x1092      	BCF        T2CON, 1
0x03C0	0x1412      	BSF        T2CON, 0
0x03C1	0x1092      	BCF        T2CON, 1
0x03C2	0x30F9      	MOVLW      249
0x03C3	0x1683      	BSF        STATUS, 5
0x03C4	0x0092      	MOVWF      PR2
0x03C5	0x23A7      	CALL       _PWM1_Init
;Lab3.mbas,16 :: 		PWM1_Start          'starts PWM
0x03C6	0x2361      	CALL       _PWM1_Start
;Lab3.mbas,18 :: 		While true
L__main2:
;Lab3.mbas,19 :: 		data1 = adc_read(0)         'Reading adc
0x03C7	0x01AB      	CLRF       FARG_ADC_Read_channel
0x03C8	0x2368      	CALL       _ADC_Read
0x03C9	0x0870      	MOVF       R0, 0
0x03CA	0x00A5      	MOVWF      _data1
0x03CB	0x0871      	MOVF       R0+1, 0
0x03CC	0x00A6      	MOVWF      _data1+1
;Lab3.mbas,20 :: 		vadc = (5*data1)/1023       'Converting
0x03CD	0x3000      	MOVLW      0
0x03CE	0x00F2      	MOVWF      R0+2
0x03CF	0x00F3      	MOVWF      R0+3
0x03D0	0x3005      	MOVLW      5
0x03D1	0x00F4      	MOVWF      R4
0x03D2	0x01F5      	CLRF       R4+1
0x03D3	0x01F6      	CLRF       R4+2
0x03D4	0x01F7      	CLRF       R4+3
0x03D5	0x232A      	CALL       _Mul_32x32_U
0x03D6	0x2393      	CALL       _Longword2Double
0x03D7	0x3000      	MOVLW      0
0x03D8	0x00F4      	MOVWF      R4
0x03D9	0x30C0      	MOVLW      192
0x03DA	0x00F5      	MOVWF      R4+1
0x03DB	0x307F      	MOVLW      127
0x03DC	0x00F6      	MOVWF      R4+2
0x03DD	0x3088      	MOVLW      136
0x03DE	0x00F7      	MOVWF      R4+3
0x03DF	0x2274      	CALL       _Div_32x32_FP
0x03E0	0x0870      	MOVF       R0, 0
0x03E1	0x00A7      	MOVWF      _vadc
0x03E2	0x0871      	MOVF       R0+1, 0
0x03E3	0x00A8      	MOVWF      _vadc+1
0x03E4	0x0872      	MOVF       R0+2, 0
0x03E5	0x00A9      	MOVWF      _vadc+2
0x03E6	0x0873      	MOVF       R0+3, 0
0x03E7	0x00AA      	MOVWF      _vadc+3
;Lab3.mbas,21 :: 		dc1 = 951.1-190.3*vadc      'Calculated conversion
0x03E8	0x30CD      	MOVLW      205
0x03E9	0x00F4      	MOVWF      R4
0x03EA	0x304C      	MOVLW      76
0x03EB	0x00F5      	MOVWF      R4+1
0x03EC	0x303E      	MOVLW      62
0x03ED	0x00F6      	MOVWF      R4+2
0x03EE	0x3086      	MOVLW      134
0x03EF	0x00F7      	MOVWF      R4+3
0x03F0	0x2213      	CALL       _Mul_32x32_FP
0x03F1	0x0870      	MOVF       R0, 0
0x03F2	0x00F4      	MOVWF      R4
0x03F3	0x0871      	MOVF       R0+1, 0
0x03F4	0x00F5      	MOVWF      R4+1
0x03F5	0x0872      	MOVF       R0+2, 0
0x03F6	0x00F6      	MOVWF      R4+2
0x03F7	0x0873      	MOVF       R0+3, 0
0x03F8	0x00F7      	MOVWF      R4+3
0x03F9	0x3066      	MOVLW      102
0x03FA	0x00F0      	MOVWF      R0
0x03FB	0x30C6      	MOVLW      198
0x03FC	0x00F1      	MOVWF      R0+1
0x03FD	0x306D      	MOVLW      109
0x03FE	0x00F2      	MOVWF      R0+2
0x03FF	0x3088      	MOVLW      136
0x0400	0x00F3      	MOVWF      R0+3
0x0401	0x220D      	CALL       _Sub_32x32_FP
0x0402	0x0870      	MOVF       R0, 0
0x0403	0x00A1      	MOVWF      _dc1
0x0404	0x0871      	MOVF       R0+1, 0
0x0405	0x00A2      	MOVWF      _dc1+1
0x0406	0x0872      	MOVF       R0+2, 0
0x0407	0x00A3      	MOVWF      _dc1+2
0x0408	0x0873      	MOVF       R0+3, 0
0x0409	0x00A4      	MOVWF      _dc1+3
;Lab3.mbas,22 :: 		Delay_ms(100)
0x040A	0x3082      	MOVLW      130
0x040B	0x00FC      	MOVWF      R12
0x040C	0x30DD      	MOVLW      221
0x040D	0x00FD      	MOVWF      R13
L__main6:
0x040E	0x0BFD      	DECFSZ     R13, 1
0x040F	0x2C0E      	GOTO       L__main6
0x0410	0x0BFC      	DECFSZ     R12, 1
0x0411	0x2C0E      	GOTO       L__main6
0x0412	0x0000      	NOP
0x0413	0x0000      	NOP
;Lab3.mbas,23 :: 		PWM1_Set_Duty(dc1)          'Setting PWM
0x0414	0x0821      	MOVF       _dc1, 0
0x0415	0x00F0      	MOVWF      R0
0x0416	0x0822      	MOVF       _dc1+1, 0
0x0417	0x00F1      	MOVWF      R0+1
0x0418	0x0823      	MOVF       _dc1+2, 0
0x0419	0x00F2      	MOVWF      R0+2
0x041A	0x0824      	MOVF       _dc1+3, 0
0x041B	0x00F3      	MOVWF      R0+3
0x041C	0x21CA      	CALL       _Double2Byte
0x041D	0x0870      	MOVF       R0, 0
0x041E	0x00AB      	MOVWF      FARG_PWM1_Set_Duty_new_duty
0x041F	0x2190      	CALL       _PWM1_Set_Duty
;Lab3.mbas,24 :: 		wend
0x0420	0x2BC7      	GOTO       L__main2
L_end_main:
0x0421	0x2C21      	GOTO       $+0
; end of _main
Symbol List:
//** Routines locations **
//ADDRESS    SIZE    PROCEDURE
//----------------------------------------------
0x0003       [7]    _RES032
0x000A      [12]    _SETFUN32
0x0016       [4]    _FIXSIGN32
0x001A      [12]    _SETFOV32
0x0026      [47]    _NRM3232
0x0055      [90]    _NRM4032
0x00AF      [13]    _SETIOV3224
0x00BC      [43]    _Mul_16x16_U
0x00E7       [6]    _Delay_22us
0x00ED     [160]    _Add_32x32_FP
0x018D       [3]    _SETFDZ32
0x0190      [58]    _PWM1_Set_Duty
0x01CA      [67]    _Double2Byte
0x020D       [6]    _Sub_32x32_FP
0x0213      [97]    _Mul_32x32_FP
0x0274     [182]    _Div_32x32_FP
0x032A      [55]    _Mul_32x32_U
0x0361       [7]    _PWM1_Start
0x0368      [43]    _ADC_Read
0x0393      [20]    _Longword2Double
0x03A7       [5]    _PWM1_Init
0x03AC     [118]    _main
//** Variables locations ** 
//ADDRESS    SIZE    VARIABLE
//----------------------------------------------
0x0003       [1]    STATUS
0x0007       [1]    PORTC
0x0012       [1]    T2CON
0x0013       [1]    CCPR1L
0x0015       [1]    CCP1CON
0x0019       [1]    CMCON0
0x001E       [1]    ADRESH
0x001F       [1]    ADCON0
0x0020       [1]    __math_tempbD
0x0021       [4]    _dc1
0x0025       [2]    _data1
0x0027       [4]    _vadc
0x002B       [4]    FARG_PWM1_Init_PWM_Freq
0x002B       [1]    FARG_PWM1_Set_Duty_new_duty
0x002B       [1]    FARG_ADC_Read_channel
0x002C       [2]    ADC_Read_local_result
0x0070       [1]    R0
0x0071       [1]    R1
0x0072       [1]    R2
0x0073       [1]    R3
0x0074       [1]    R4
0x0075       [1]    R5
0x0076       [1]    R6
0x0077       [1]    R7
0x0078       [1]    R8
0x0079       [1]    R9
0x007A       [1]    R10
0x007B       [1]    R11
0x007C       [1]    R12
0x007D       [1]    R13
0x007E       [1]    R14
0x007F       [1]    R15
0x0085       [1]    TRISA
0x0087       [1]    TRISC
0x0087       [0]    TRISC5_bit
0x0091       [1]    ANSEL
0x0092       [1]    PR2
0x009E       [1]    ADRESL
0x009F       [1]    ADCON1
//** Label List: ** 
//----------------------------------------------
  L_end__main
  L__main1
  L__main2
  L__main3
  L__main4
  L__main5
  L__main6
  L_end_main
  _main
  L_end__ADC_Init
  L_end__ADC_Get_Sample
  L__ADC_Get_Sample2
  L__ADC_Get_Sample3
  L__ADC_Get_Sample4
  L__ADC_Get_Sample5
  L__ADC_Get_Sample6
  L_end__ADC_Read
  L__ADC_Read8
  L__ADC_Read9
  L__ADC_Read10
  L__ADC_Read11
  L__ADC_Read12
  L_end_ADC_Init
  _ADC_Init
  L_end_ADC_Get_Sample
  _ADC_Get_Sample
  L_end_ADC_Read
  _ADC_Read
  L_end__Get_Fosc_kHz
  L_end__Delay_1us
  L_end__Delay_10us
  L__Delay_10us3
  L_end__Delay_22us
  L__Delay_22us5
  L_end__Delay_50us
  L__Delay_50us7
  L_end__Delay_80us
  L__Delay_80us9
  L_end__Delay_500us
  L__Delay_500us11
  L_end__Delay_5500us
  L__Delay_5500us13
  L_end__Delay_1ms
  L__Delay_1ms15
  L_end__Delay_5ms
  L__Delay_5ms17
  L_end__Delay_8ms
  L__Delay_8ms19
  L_end__Delay_10ms
  L__Delay_10ms21
  L_end__Delay_100ms
  L__Delay_100ms23
  L_end__Delay_1sec
  L__Delay_1sec25
  L_end__Delay_Cyc
  L__Delay_Cyc27
  L__Delay_Cyc28
  L__Delay_Cyc29
  L__Delay_Cyc30
  L__Delay_Cyc31
  L_end__VDelay_ms
  L__VDelay_ms33
  L__VDelay_ms34
  L__VDelay_ms35
  L__VDelay_ms36
  L__VDelay_ms37
  L__VDelay_ms38
  L__VDelay_ms39
  L__VDelay_ms40
  L_end__VDelay_Advanced_ms
  L__VDelay_Advanced_ms42
  L__VDelay_Advanced_ms43
  L__VDelay_Advanced_ms44
  L__VDelay_Advanced_ms45
  L__VDelay_Advanced_ms46
  L__VDelay_Advanced_ms47
  L__VDelay_Advanced_ms48
  L__VDelay_Advanced_ms49
  L_end_Get_Fosc_kHz
  _Get_Fosc_kHz
  L_end_Delay_1us
  _Delay_1us
  L_end_Delay_10us
  _Delay_10us
  L_end_Delay_22us
  _Delay_22us
  L_end_Delay_50us
  _Delay_50us
  L_end_Delay_80us
  _Delay_80us
  L_end_Delay_500us
  _Delay_500us
  L_end_Delay_5500us
  _Delay_5500us
  L_end_Delay_1ms
  _Delay_1ms
  L_end_Delay_5ms
  _Delay_5ms
  L_end_Delay_8ms
  _Delay_8ms
  L_end_Delay_10ms
  _Delay_10ms
  L_end_Delay_100ms
  _Delay_100ms
  L_end_Delay_1sec
  _Delay_1sec
  L_end_Delay_Cyc
  _Delay_Cyc
  L_end_VDelay_ms
  _VDelay_ms
  L__VDelay_ms66
  L__VDelay_ms67
  L__VDelay_ms68
  L__VDelay_ms69
  L_end_VDelay_Advanced_ms
  _VDelay_Advanced_ms
  L__VDelay_Advanced_ms71
  L__VDelay_Advanced_ms72
  L__VDelay_Advanced_ms73
  L__VDelay_Advanced_ms74
  L_end__Mul_8x8_U
  L_end__Mul_16x16_U
  L_end__Div_8x8_U
  L__Div_8x8_U3
  L__Div_8x8_U4
  L__Div_8x8_U5
  L_end__Div_16x16_U
  L_end__Mul_8x8_S
  L_end__Mul_16x16_S
  L_end__Div_16x16_S_L
  L_end__Div_16x16_S
  L__Div_16x16_S11
  L__Div_16x16_S12
  L__Div_16x16_S13
  L__Div_16x16_S14
  L__Div_16x16_S15
  L__Div_16x16_S16
  L_end__Div_8x8_S
  L_end__SDIV3232L
  LOOPS3232A
  SADD22LA
  SOK22LA
  SADD22L8
  SOK22L8
  LOOPS3232B
  SADD22LB
  SOK22LB
  SADD22L16
  SOK22L16
  LOOPS3232C
  SADD22LC
  SOK22LC
  SADD22L24
  SOK22L24
  LOOPS3232D
  SADD22LD
  SOK22LD
  SOK22L
  L_end__COMFREM
  L_end__Div_32x32_S
  L__Div_32x32_S25
  L__Div_32x32_S26
  L__Div_32x32_S27
  L__Div_32x32_S28
  L__Div_32x32_S29
  L__Div_32x32_S30
  L__Div_32x32_S31
  L__Div_32x32_S32
  L__Div_32x32_S33
  L__Div_32x32_S34
  L__Div_32x32_S35
  L__Div_32x32_S36
  FXD3232S
  END_ALL
  CA3232S
  C3232SX
  C3232SX1
  C3232S
  C3232S2
  C3232SX4
  C3232SOK
  C3232SX3
  C3232SX2
  avoid_comfrem
  L_end__Div_32x32_U
  LOOPU3232A
  UADD22LA
  UOK22LA
  UADD22L8
  UOK22L8
  LOOPU3232B
  UADD22LB
  UOK22LB
  UADD22L16
  UOK22L16
  LOOPU3232C
  UADD22LC
  UOK22LC
  UADD22L24
  UOK22L24
  LOOPU3232D
  UADD22LD
  UOK22LD
  UOK22L
  L_end__Mul_32x32_U
  _NEXT
  _EXIT2
  _LOOP
  _EXIT1
  L_end__Mul_32x32_S
  _IF_FIRST
  _IF_SECOND
  _INVERCE_FIRST
  _MULT
  _INBERSE_SECOND
  _EXIT
  L_end_Mul_8x8_U
  _Mul_8x8_U
  L_end_Mul_16x16_U
  _Mul_16x16_U
  L_end_Div_8x8_U
  _Div_8x8_U
  L_end_Div_16x16_U
  _Div_16x16_U
  L_end_Mul_8x8_S
  _Mul_8x8_S
  L_end_Mul_16x16_S
  _Mul_16x16_S
  L_end_Div_16x16_S_L
  _Div_16x16_S_L
  L_end_Div_16x16_S
  _Div_16x16_S
  L_end_Div_8x8_S
  _Div_8x8_S
  L_end_SDIV3232L
  _SDIV3232L
  L_end_COMFREM
  _COMFREM
  L_end_Div_32x32_S
  _Div_32x32_S
  L_end_Div_32x32_U
  _Div_32x32_U
  L_end_Mul_32x32_U
  _Mul_32x32_U
  L_end_Mul_32x32_S
  _Mul_32x32_S
  L_end__SETFOV32
  SETFOV32EEE
  L_end__SETFDZ32
  L_end__FIXSIGN32
  L_end__RES032
  L_end__SETFUN32
  SETFUN32EEE
  L_end__NRM3232
  NORM3232
  JPNRES032
  JPNSETFUN32
  NORM3232A
  JMPNFIXSIGN32
  NORM32EEE
  L_end__NRM4032
  NRMRND4032
  NRM4032
  JMPSETFOV32
  NORM4032
  JMPRES032
  JMPSETFUN32
  NORM4032A
  JMPFIXSIGN32
  NRM4032EEE
  L_end__Add_32x32_FP
  USEA32
  JMPEEE
  ALIGNED32
  ALIGNB32
  ALOOPB32
  AOK32
  ACOMP32
  JMPNRMRND4032
  ADD_JMPSETFOV32
  JMPNRM4032
  JMPNRM32
  ADD32EEE
  L_end__Sub_32x32_FP
  L_end__Mul_32x32_FP
  FPM32
  JPMRES032
  M32BNE0
  MTUN32
  JPMSETFOV32
  MOK32
  JPMSETFUN32
  MLOOP32
  MNOADD32
  MADD32
  MROUND32
  MUL32OK
  MUL32EEE
  L_end__Div_32x32_FP
  L__Div_32x32_FP18
  L__Div_32x32_FP19
  L__Div_32x32_FP20
  L__Div_32x32_FP21
  L__Div_32x32_FP22
  L__Div_32x32_FP23
  L__Div_32x32_FP24
  L__Div_32x32_FP25
  L__Div_32x32_FP26
  L__Div_32x32_FP27
  L__Div_32x32_FP28
  L__Div_32x32_FP29
  FPD32
  JPDSETFDZ32
  JPDRES032
  D32BNE0
  TALIGN32
  TS1ALIGN32
  TS2ALIGN32
  DALIGN32OK
  ALTB32
  AGEB32
  JPDSETFOV32
  DARGOK32
  JPDSETFUN32
  DLOOP32
  DS132
  DS232
  DREST32
  DOK32
  DAREST32
  DROUND32
  DIV32OK
  DIV32EEE
  L_end__SETIOV3224
  SETIOV3224EEE
  L_end__Double2Longword
  INT3232U
  INT3232UEOK
  SETEXP32U
  SETIOV32U
  TSHIFT3232U
  SHIFT3232UOK
  SHIFT3232U
  INT3232UOK
  JPLSETIOV3224
  IRES032U
  INT3232UEER
  INT3232UEEE
  L_Double2Longword_0
  L_end__Double2Longint
  INT3232
  INT3232EOK
  SETIOV32
  TSHIFT3232
  SHIFT3232OK
  SHIFT3232
  INT3232OK
  JPISETIOV3224
  IRES032
  INT3232EER
  INT3232EEE
  L_Double2Longint_0
  L_end__Double2Int
  INT3216
  IRES016
  SETIOV16
  TSHIFT3216
  SHIFT3216OK
  SHIFT3216
  INT3216OK
  JPJSETIOV3224
  INT3216EOK
  INT3216EER
  INT3216EEE
  L_Double2Int_0
  L_end__Double2Word
  INT3216U
  IRES016U
  SETEXP16U
  SETIOV16U
  TSHIFT3216U
  SHIFT3216UOK
  SHIFT3216U
  INT3216UOK
  JPKSETIOV3224
  INT3216UEOK
  INT3216UEER
  INT3216UEEE
  L_Double2Word_0
  L_end__Double2Byte
  INT32U08
  IRES008
  SETEXP08
  SETIOV08
  TSHIFT3208
  SHIFT3208OK
  SHIFT3208
  INT3208OK
  D2B_JPKSETIOV3224
  INT3208EOK
  INT3208EER
  INT3208EEE
  L_Double2Byte_0
  L_end__Byte2Double
  FLO08U32
  L_end__Int2Double
  FLO1632
  FLO1632EEE
  L_end__Word2Double
  FLO16U32
  L_end__Longint2Double
  FLO3232
  FLO3232EEE
  L_end__Longword2Double
  FLO32U32
  L_end__Equals_Double
  EQU_FALSE
  L_end__Compare_Double
  COMPARE_EQU
  COMPARE_NOTZERO
  COMPARE_XNOTZERO
  COMPARE_YNOTZERO
  COMPARE_LT
  COMPARE_GT
  COMPARE_TESTALL
  COMPARE_C1
  GT_FALSE
  GT_TRUE
  COMPARE_C2
  COMPARE_C3
  L_end_SETFOV32
  _SETFOV32
  L_end_SETFDZ32
  _SETFDZ32
  L_end_FIXSIGN32
  _FIXSIGN32
  L_end_RES032
  _RES032
  L_end_SETFUN32
  _SETFUN32
  L_end_NRM3232
  _NRM3232
  L_end_NRM4032
  _NRM4032
  L_end_Add_32x32_FP
  _Add_32x32_FP
  L_end_Sub_32x32_FP
  _Sub_32x32_FP
  L_end_Mul_32x32_FP
  _Mul_32x32_FP
  L_end_Div_32x32_FP
  _Div_32x32_FP
  L_end_SETIOV3224
  _SETIOV3224
  L_end_Double2Longword
  _Double2Longword
  L_end_Double2Longint
  _Double2Longint
  L_end_Double2Int
  _Double2Int
  L_end_Double2Word
  _Double2Word
  L_end_Double2Byte
  _Double2Byte
  L_end_Byte2Double
  _Byte2Double
  L_end_Int2Double
  _Int2Double
  L_end_Word2Double
  _Word2Double
  L_end_Longint2Double
  _Longint2Double
  L_end_Longword2Double
  _Longword2Double
  L_end_Equals_Double
  _Equals_Double
  L_end_Compare_Double
  _Compare_Double
  L_end__PWM1_Init
  L_end__PWM1_Set_Duty
  L_end__PWM1_Start
  L_end__PWM1_Stop
  L_end_PWM1_Init
  _PWM1_Init
  L_end_PWM1_Set_Duty
  _PWM1_Set_Duty
  L__PWM1_Set_Duty6
  L__PWM1_Set_Duty7
  L__PWM1_Set_Duty8
  L__PWM1_Set_Duty9
  L_end_PWM1_Start
  _PWM1_Start
  L_end_PWM1_Stop
  _PWM1_Stop
